{"/Users/sangga/Documents/Non kuliah/SE Fellowship/Hacktiv8/Phase3/week-4/server/app.js": {"path":"/Users/sangga/Documents/Non kuliah/SE Fellowship/Hacktiv8/Phase3/week-4/server/app.js","statementMap":{"0":{"start":{"line":1,"column":0},"end":{"line":1,"column":72}},"1":{"start":{"line":1,"column":45},"end":{"line":1,"column":71}},"2":{"start":{"line":2,"column":16},"end":{"line":2,"column":34}},"3":{"start":{"line":3,"column":12},"end":{"line":3,"column":21}},"4":{"start":{"line":4,"column":13},"end":{"line":4,"column":37}},"5":{"start":{"line":5,"column":15},"end":{"line":5,"column":34}},"6":{"start":{"line":7,"column":0},"end":{"line":7,"column":49}},"7":{"start":{"line":8,"column":0},"end":{"line":8,"column":24}},"8":{"start":{"line":10,"column":0},"end":{"line":10,"column":16}},"9":{"start":{"line":19,"column":0},"end":{"line":19,"column":21}}},"fnMap":{},"branchMap":{"0":{"loc":{"start":{"line":1,"column":0},"end":{"line":1,"column":72}},"type":"if","locations":[{"start":{"line":1,"column":0},"end":{"line":1,"column":72}},{"start":{"line":1,"column":0},"end":{"line":1,"column":72}}],"line":1},"1":{"loc":{"start":{"line":4,"column":13},"end":{"line":4,"column":37}},"type":"binary-expr","locations":[{"start":{"line":4,"column":13},"end":{"line":4,"column":29}},{"start":{"line":4,"column":33},"end":{"line":4,"column":37}}],"line":4}},"s":{"0":4,"1":4,"2":4,"3":4,"4":4,"5":4,"6":4,"7":4,"8":4,"9":4},"f":{},"b":{"0":[4,0],"1":[4,4]},"_coverageSchema":"1a1c01bbd47fc00a2c39e90264f33305004495a9","hash":"ed166839a896fe720e6a6f1b4d872bd53bd2061b"}
,"/Users/sangga/Documents/Non kuliah/SE Fellowship/Hacktiv8/Phase3/week-4/server/config/imgur.js": {"path":"/Users/sangga/Documents/Non kuliah/SE Fellowship/Hacktiv8/Phase3/week-4/server/config/imgur.js","statementMap":{"0":{"start":{"line":1,"column":14},"end":{"line":1,"column":30}},"1":{"start":{"line":2,"column":0},"end":{"line":2,"column":37}},"2":{"start":{"line":4,"column":0},"end":{"line":4,"column":23}}},"fnMap":{},"branchMap":{},"s":{"0":4,"1":4,"2":4},"f":{},"b":{},"_coverageSchema":"1a1c01bbd47fc00a2c39e90264f33305004495a9","hash":"87422cac06a964b8d10b07a2b7fe4890735812e3"}
,"/Users/sangga/Documents/Non kuliah/SE Fellowship/Hacktiv8/Phase3/week-4/server/config/mongo.js": {"path":"/Users/sangga/Documents/Non kuliah/SE Fellowship/Hacktiv8/Phase3/week-4/server/config/mongo.js","statementMap":{"0":{"start":{"line":1,"column":24},"end":{"line":1,"column":42}},"1":{"start":{"line":2,"column":12},"end":{"line":2,"column":39}},"2":{"start":{"line":3,"column":15},"end":{"line":3,"column":27}},"3":{"start":{"line":4,"column":15},"end":{"line":4,"column":65}},"4":{"start":{"line":5,"column":0},"end":{"line":5,"column":16}},"5":{"start":{"line":7,"column":11},"end":{"line":7,"column":28}},"6":{"start":{"line":9,"column":0},"end":{"line":9,"column":19}}},"fnMap":{},"branchMap":{},"s":{"0":4,"1":4,"2":4,"3":4,"4":4,"5":4,"6":4},"f":{},"b":{},"_coverageSchema":"1a1c01bbd47fc00a2c39e90264f33305004495a9","hash":"e9d3f9937e6f0ec084cda556906db6693f3a6cdf"}
,"/Users/sangga/Documents/Non kuliah/SE Fellowship/Hacktiv8/Phase3/week-4/server/config/multer.js": {"path":"/Users/sangga/Documents/Non kuliah/SE Fellowship/Hacktiv8/Phase3/week-4/server/config/multer.js","statementMap":{"0":{"start":{"line":1,"column":15},"end":{"line":1,"column":32}},"1":{"start":{"line":3,"column":0},"end":{"line":3,"column":23}}},"fnMap":{},"branchMap":{},"s":{"0":4,"1":4},"f":{},"b":{},"_coverageSchema":"1a1c01bbd47fc00a2c39e90264f33305004495a9","hash":"e7a2f7e06bc7eb9976df109ae21529e96de2e493"}
,"/Users/sangga/Documents/Non kuliah/SE Fellowship/Hacktiv8/Phase3/week-4/server/controllers/bookingController.js": {"path":"/Users/sangga/Documents/Non kuliah/SE Fellowship/Hacktiv8/Phase3/week-4/server/controllers/bookingController.js","statementMap":{"0":{"start":{"line":1,"column":20},"end":{"line":1,"column":40}},"1":{"start":{"line":5,"column":61},"end":{"line":5,"column":69}},"2":{"start":{"line":6,"column":20},"end":{"line":13,"column":5}},"3":{"start":{"line":14,"column":4},"end":{"line":14,"column":40}},"4":{"start":{"line":16,"column":4},"end":{"line":27,"column":5}},"5":{"start":{"line":17,"column":6},"end":{"line":22,"column":7}},"6":{"start":{"line":18,"column":8},"end":{"line":21,"column":10}},"7":{"start":{"line":23,"column":23},"end":{"line":23,"column":52}},"8":{"start":{"line":24,"column":6},"end":{"line":24,"column":44}},"9":{"start":{"line":26,"column":6},"end":{"line":26,"column":60}},"10":{"start":{"line":30,"column":19},"end":{"line":30,"column":29}},"11":{"start":{"line":31,"column":61},"end":{"line":31,"column":69}},"12":{"start":{"line":32,"column":20},"end":{"line":39,"column":5}},"13":{"start":{"line":40,"column":4},"end":{"line":51,"column":5}},"14":{"start":{"line":41,"column":6},"end":{"line":46,"column":7}},"15":{"start":{"line":42,"column":8},"end":{"line":45,"column":10}},"16":{"start":{"line":47,"column":23},"end":{"line":47,"column":56}},"17":{"start":{"line":48,"column":6},"end":{"line":48,"column":43}},"18":{"start":{"line":50,"column":6},"end":{"line":50,"column":60}},"19":{"start":{"line":55,"column":19},"end":{"line":55,"column":29}},"20":{"start":{"line":56,"column":24},"end":{"line":56,"column":32}},"21":{"start":{"line":57,"column":20},"end":{"line":57,"column":31}},"22":{"start":{"line":58,"column":4},"end":{"line":58,"column":37}},"23":{"start":{"line":60,"column":4},"end":{"line":64,"column":22}},"24":{"start":{"line":61,"column":23},"end":{"line":61,"column":56}},"25":{"start":{"line":62,"column":6},"end":{"line":62,"column":44}},"26":{"start":{"line":63,"column":6},"end":{"line":63,"column":43}},"27":{"start":{"line":67,"column":4},"end":{"line":72,"column":5}},"28":{"start":{"line":68,"column":23},"end":{"line":68,"column":46}},"29":{"start":{"line":69,"column":6},"end":{"line":69,"column":37}},"30":{"start":{"line":71,"column":6},"end":{"line":71,"column":25}},"31":{"start":{"line":76,"column":19},"end":{"line":76,"column":29}},"32":{"start":{"line":77,"column":4},"end":{"line":82,"column":5}},"33":{"start":{"line":78,"column":23},"end":{"line":78,"column":48}},"34":{"start":{"line":79,"column":6},"end":{"line":79,"column":37}},"35":{"start":{"line":81,"column":6},"end":{"line":81,"column":64}},"36":{"start":{"line":86,"column":15},"end":{"line":86,"column":33}},"37":{"start":{"line":87,"column":4},"end":{"line":92,"column":5}},"38":{"start":{"line":88,"column":23},"end":{"line":88,"column":52}},"39":{"start":{"line":89,"column":6},"end":{"line":89,"column":37}},"40":{"start":{"line":91,"column":6},"end":{"line":91,"column":65}},"41":{"start":{"line":96,"column":15},"end":{"line":96,"column":34}},"42":{"start":{"line":98,"column":4},"end":{"line":103,"column":5}},"43":{"start":{"line":99,"column":23},"end":{"line":99,"column":53}},"44":{"start":{"line":100,"column":6},"end":{"line":100,"column":37}},"45":{"start":{"line":102,"column":6},"end":{"line":102,"column":65}},"46":{"start":{"line":106,"column":19},"end":{"line":106,"column":29}},"47":{"start":{"line":108,"column":4},"end":{"line":113,"column":5}},"48":{"start":{"line":109,"column":23},"end":{"line":109,"column":48}},"49":{"start":{"line":110,"column":6},"end":{"line":110,"column":73}},"50":{"start":{"line":112,"column":6},"end":{"line":112,"column":65}},"51":{"start":{"line":117,"column":0},"end":{"line":117,"column":35}}},"fnMap":{"0":{"name":"(anonymous_0)","decl":{"start":{"line":4,"column":2},"end":{"line":4,"column":3}},"loc":{"start":{"line":4,"column":38},"end":{"line":28,"column":3}},"line":4},"1":{"name":"(anonymous_1)","decl":{"start":{"line":29,"column":2},"end":{"line":29,"column":3}},"loc":{"start":{"line":29,"column":38},"end":{"line":52,"column":3}},"line":29},"2":{"name":"(anonymous_2)","decl":{"start":{"line":54,"column":2},"end":{"line":54,"column":3}},"loc":{"start":{"line":54,"column":45},"end":{"line":65,"column":3}},"line":54},"3":{"name":"(anonymous_3)","decl":{"start":{"line":66,"column":2},"end":{"line":66,"column":3}},"loc":{"start":{"line":66,"column":39},"end":{"line":73,"column":3}},"line":66},"4":{"name":"(anonymous_4)","decl":{"start":{"line":75,"column":2},"end":{"line":75,"column":3}},"loc":{"start":{"line":75,"column":39},"end":{"line":83,"column":3}},"line":75},"5":{"name":"(anonymous_5)","decl":{"start":{"line":85,"column":2},"end":{"line":85,"column":3}},"loc":{"start":{"line":85,"column":43},"end":{"line":93,"column":3}},"line":85},"6":{"name":"(anonymous_6)","decl":{"start":{"line":95,"column":2},"end":{"line":95,"column":3}},"loc":{"start":{"line":95,"column":44},"end":{"line":104,"column":3}},"line":95},"7":{"name":"(anonymous_7)","decl":{"start":{"line":105,"column":2},"end":{"line":105,"column":3}},"loc":{"start":{"line":105,"column":39},"end":{"line":114,"column":3}},"line":105}},"branchMap":{"0":{"loc":{"start":{"line":17,"column":6},"end":{"line":22,"column":7}},"type":"if","locations":[{"start":{"line":17,"column":6},"end":{"line":22,"column":7}},{"start":{"line":17,"column":6},"end":{"line":22,"column":7}}],"line":17},"1":{"loc":{"start":{"line":17,"column":10},"end":{"line":17,"column":59}},"type":"binary-expr","locations":[{"start":{"line":17,"column":10},"end":{"line":17,"column":29}},{"start":{"line":17,"column":33},"end":{"line":17,"column":59}}],"line":17},"2":{"loc":{"start":{"line":41,"column":6},"end":{"line":46,"column":7}},"type":"if","locations":[{"start":{"line":41,"column":6},"end":{"line":46,"column":7}},{"start":{"line":41,"column":6},"end":{"line":46,"column":7}}],"line":41},"3":{"loc":{"start":{"line":41,"column":10},"end":{"line":41,"column":59}},"type":"binary-expr","locations":[{"start":{"line":41,"column":10},"end":{"line":41,"column":29}},{"start":{"line":41,"column":33},"end":{"line":41,"column":59}}],"line":41}},"s":{"0":4,"1":2,"2":2,"3":2,"4":2,"5":2,"6":1,"7":1,"8":1,"9":1,"10":2,"11":2,"12":2,"13":2,"14":2,"15":1,"16":1,"17":1,"18":1,"19":1,"20":1,"21":1,"22":1,"23":1,"24":1,"25":1,"26":1,"27":1,"28":1,"29":1,"30":0,"31":2,"32":2,"33":2,"34":1,"35":1,"36":2,"37":2,"38":2,"39":1,"40":1,"41":2,"42":2,"43":2,"44":1,"45":1,"46":2,"47":2,"48":2,"49":1,"50":1,"51":4},"f":{"0":2,"1":2,"2":1,"3":1,"4":2,"5":2,"6":2,"7":2},"b":{"0":[1,1],"1":[2,2],"2":[1,1],"3":[2,2]},"_coverageSchema":"1a1c01bbd47fc00a2c39e90264f33305004495a9","hash":"64dd32848f7a0943c08bcabf3f6066c389f39d3d"}
,"/Users/sangga/Documents/Non kuliah/SE Fellowship/Hacktiv8/Phase3/week-4/server/controllers/courtController.js": {"path":"/Users/sangga/Documents/Non kuliah/SE Fellowship/Hacktiv8/Phase3/week-4/server/controllers/courtController.js","statementMap":{"0":{"start":{"line":1,"column":18},"end":{"line":1,"column":38}},"1":{"start":{"line":2,"column":14},"end":{"line":2,"column":30}},"2":{"start":{"line":3,"column":14},"end":{"line":3,"column":40}},"3":{"start":{"line":4,"column":17},"end":{"line":4,"column":36}},"4":{"start":{"line":5,"column":24},"end":{"line":5,"column":51}},"5":{"start":{"line":9,"column":4},"end":{"line":67,"column":5}},"6":{"start":{"line":19,"column":10},"end":{"line":19,"column":18}},"7":{"start":{"line":20,"column":6},"end":{"line":25,"column":7}},"8":{"start":{"line":21,"column":8},"end":{"line":24,"column":10}},"9":{"start":{"line":26,"column":22},"end":{"line":35,"column":7}},"10":{"start":{"line":36,"column":20},"end":{"line":43,"column":8}},"11":{"start":{"line":45,"column":34},"end":{"line":47,"column":7}},"12":{"start":{"line":48,"column":6},"end":{"line":48,"column":53}},"13":{"start":{"line":49,"column":23},"end":{"line":51,"column":7}},"14":{"start":{"line":52,"column":6},"end":{"line":61,"column":7}},"15":{"start":{"line":53,"column":8},"end":{"line":56,"column":10}},"16":{"start":{"line":57,"column":25},"end":{"line":57,"column":52}},"17":{"start":{"line":58,"column":8},"end":{"line":58,"column":46}},"18":{"start":{"line":60,"column":8},"end":{"line":60,"column":58}},"19":{"start":{"line":63,"column":6},"end":{"line":65,"column":7}},"20":{"start":{"line":64,"column":8},"end":{"line":64,"column":57}},"21":{"start":{"line":66,"column":6},"end":{"line":66,"column":25}},"22":{"start":{"line":71,"column":4},"end":{"line":76,"column":5}},"23":{"start":{"line":72,"column":23},"end":{"line":72,"column":44}},"24":{"start":{"line":73,"column":6},"end":{"line":73,"column":37}},"25":{"start":{"line":75,"column":6},"end":{"line":75,"column":65}},"26":{"start":{"line":80,"column":15},"end":{"line":80,"column":28}},"27":{"start":{"line":82,"column":4},"end":{"line":87,"column":5}},"28":{"start":{"line":83,"column":23},"end":{"line":83,"column":46}},"29":{"start":{"line":84,"column":6},"end":{"line":84,"column":37}},"30":{"start":{"line":86,"column":6},"end":{"line":86,"column":65}},"31":{"start":{"line":91,"column":24},"end":{"line":91,"column":34}},"32":{"start":{"line":93,"column":4},"end":{"line":98,"column":5}},"33":{"start":{"line":94,"column":23},"end":{"line":94,"column":55}},"34":{"start":{"line":95,"column":6},"end":{"line":95,"column":37}},"35":{"start":{"line":97,"column":6},"end":{"line":97,"column":65}},"36":{"start":{"line":102,"column":15},"end":{"line":102,"column":28}},"37":{"start":{"line":112,"column":8},"end":{"line":112,"column":16}},"38":{"start":{"line":113,"column":4},"end":{"line":139,"column":5}},"39":{"start":{"line":114,"column":22},"end":{"line":123,"column":7}},"40":{"start":{"line":124,"column":23},"end":{"line":126,"column":7}},"41":{"start":{"line":127,"column":6},"end":{"line":136,"column":7}},"42":{"start":{"line":128,"column":8},"end":{"line":131,"column":10}},"43":{"start":{"line":132,"column":25},"end":{"line":132,"column":56}},"44":{"start":{"line":133,"column":8},"end":{"line":133,"column":45}},"45":{"start":{"line":135,"column":8},"end":{"line":135,"column":58}},"46":{"start":{"line":138,"column":6},"end":{"line":138,"column":65}},"47":{"start":{"line":143,"column":15},"end":{"line":143,"column":28}},"48":{"start":{"line":145,"column":4},"end":{"line":150,"column":5}},"49":{"start":{"line":146,"column":23},"end":{"line":146,"column":46}},"50":{"start":{"line":147,"column":6},"end":{"line":147,"column":73}},"51":{"start":{"line":149,"column":6},"end":{"line":149,"column":65}},"52":{"start":{"line":154,"column":0},"end":{"line":154,"column":33}}},"fnMap":{"0":{"name":"(anonymous_0)","decl":{"start":{"line":8,"column":2},"end":{"line":8,"column":3}},"loc":{"start":{"line":8,"column":38},"end":{"line":68,"column":3}},"line":8},"1":{"name":"(anonymous_1)","decl":{"start":{"line":70,"column":2},"end":{"line":70,"column":3}},"loc":{"start":{"line":70,"column":39},"end":{"line":77,"column":3}},"line":70},"2":{"name":"(anonymous_2)","decl":{"start":{"line":79,"column":2},"end":{"line":79,"column":3}},"loc":{"start":{"line":79,"column":39},"end":{"line":88,"column":3}},"line":79},"3":{"name":"(anonymous_3)","decl":{"start":{"line":90,"column":2},"end":{"line":90,"column":3}},"loc":{"start":{"line":90,"column":43},"end":{"line":99,"column":3}},"line":90},"4":{"name":"(anonymous_4)","decl":{"start":{"line":101,"column":2},"end":{"line":101,"column":3}},"loc":{"start":{"line":101,"column":38},"end":{"line":140,"column":3}},"line":101},"5":{"name":"(anonymous_5)","decl":{"start":{"line":142,"column":2},"end":{"line":142,"column":3}},"loc":{"start":{"line":142,"column":39},"end":{"line":151,"column":3}},"line":142}},"branchMap":{"0":{"loc":{"start":{"line":20,"column":6},"end":{"line":25,"column":7}},"type":"if","locations":[{"start":{"line":20,"column":6},"end":{"line":25,"column":7}},{"start":{"line":20,"column":6},"end":{"line":25,"column":7}}],"line":20},"1":{"loc":{"start":{"line":20,"column":10},"end":{"line":20,"column":43}},"type":"binary-expr","locations":[{"start":{"line":20,"column":10},"end":{"line":20,"column":28}},{"start":{"line":20,"column":32},"end":{"line":20,"column":43}}],"line":20},"2":{"loc":{"start":{"line":52,"column":6},"end":{"line":61,"column":7}},"type":"if","locations":[{"start":{"line":52,"column":6},"end":{"line":61,"column":7}},{"start":{"line":52,"column":6},"end":{"line":61,"column":7}}],"line":52},"3":{"loc":{"start":{"line":63,"column":6},"end":{"line":65,"column":7}},"type":"if","locations":[{"start":{"line":63,"column":6},"end":{"line":65,"column":7}},{"start":{"line":63,"column":6},"end":{"line":65,"column":7}}],"line":63},"4":{"loc":{"start":{"line":127,"column":6},"end":{"line":136,"column":7}},"type":"if","locations":[{"start":{"line":127,"column":6},"end":{"line":136,"column":7}},{"start":{"line":127,"column":6},"end":{"line":136,"column":7}}],"line":127}},"s":{"0":4,"1":4,"2":4,"3":4,"4":4,"5":2,"6":2,"7":2,"8":1,"9":1,"10":0,"11":0,"12":0,"13":0,"14":0,"15":0,"16":0,"17":0,"18":0,"19":2,"20":1,"21":2,"22":1,"23":1,"24":1,"25":0,"26":3,"27":3,"28":3,"29":1,"30":2,"31":1,"32":1,"33":1,"34":1,"35":0,"36":2,"37":2,"38":2,"39":2,"40":2,"41":2,"42":2,"43":2,"44":1,"45":0,"46":1,"47":2,"48":2,"49":2,"50":1,"51":1,"52":4},"f":{"0":2,"1":1,"2":3,"3":1,"4":2,"5":2},"b":{"0":[1,1],"1":[2,1],"2":[0,0],"3":[1,1],"4":[2,0]},"_coverageSchema":"1a1c01bbd47fc00a2c39e90264f33305004495a9","hash":"a16d058bce9d8232be611b1b3831b43241f05475"}
,"/Users/sangga/Documents/Non kuliah/SE Fellowship/Hacktiv8/Phase3/week-4/server/controllers/requestController.js": {"path":"/Users/sangga/Documents/Non kuliah/SE Fellowship/Hacktiv8/Phase3/week-4/server/controllers/requestController.js","statementMap":{"0":{"start":{"line":1,"column":21},"end":{"line":1,"column":39}},"1":{"start":{"line":2,"column":20},"end":{"line":2,"column":40}},"2":{"start":{"line":6,"column":4},"end":{"line":6,"column":32}},"3":{"start":{"line":7,"column":44},"end":{"line":7,"column":52}},"4":{"start":{"line":8,"column":20},"end":{"line":12,"column":5}},"5":{"start":{"line":14,"column":4},"end":{"line":26,"column":5}},"6":{"start":{"line":15,"column":6},"end":{"line":19,"column":7}},"7":{"start":{"line":16,"column":8},"end":{"line":18,"column":10}},"8":{"start":{"line":20,"column":6},"end":{"line":20,"column":66}},"9":{"start":{"line":21,"column":6},"end":{"line":21,"column":61}},"10":{"start":{"line":22,"column":23},"end":{"line":22,"column":52}},"11":{"start":{"line":23,"column":6},"end":{"line":23,"column":44}},"12":{"start":{"line":25,"column":6},"end":{"line":25,"column":65}},"13":{"start":{"line":30,"column":23},"end":{"line":30,"column":33}},"14":{"start":{"line":31,"column":4},"end":{"line":37,"column":5}},"15":{"start":{"line":32,"column":23},"end":{"line":32,"column":60}},"16":{"start":{"line":33,"column":6},"end":{"line":33,"column":28}},"17":{"start":{"line":34,"column":6},"end":{"line":34,"column":37}},"18":{"start":{"line":36,"column":6},"end":{"line":36,"column":65}},"19":{"start":{"line":41,"column":23},"end":{"line":41,"column":33}},"20":{"start":{"line":42,"column":4},"end":{"line":47,"column":5}},"21":{"start":{"line":43,"column":23},"end":{"line":43,"column":56}},"22":{"start":{"line":44,"column":6},"end":{"line":44,"column":37}},"23":{"start":{"line":46,"column":6},"end":{"line":46,"column":65}},"24":{"start":{"line":51,"column":15},"end":{"line":51,"column":28}},"25":{"start":{"line":53,"column":4},"end":{"line":58,"column":5}},"26":{"start":{"line":54,"column":23},"end":{"line":54,"column":48}},"27":{"start":{"line":55,"column":6},"end":{"line":55,"column":37}},"28":{"start":{"line":57,"column":6},"end":{"line":57,"column":65}},"29":{"start":{"line":62,"column":15},"end":{"line":62,"column":28}},"30":{"start":{"line":63,"column":44},"end":{"line":63,"column":52}},"31":{"start":{"line":64,"column":20},"end":{"line":68,"column":5}},"32":{"start":{"line":70,"column":4},"end":{"line":76,"column":5}},"33":{"start":{"line":71,"column":23},"end":{"line":71,"column":56}},"34":{"start":{"line":72,"column":6},"end":{"line":72,"column":52}},"35":{"start":{"line":73,"column":6},"end":{"line":73,"column":43}},"36":{"start":{"line":75,"column":6},"end":{"line":75,"column":25}},"37":{"start":{"line":80,"column":15},"end":{"line":80,"column":28}},"38":{"start":{"line":81,"column":23},"end":{"line":81,"column":31}},"39":{"start":{"line":82,"column":20},"end":{"line":84,"column":5}},"40":{"start":{"line":86,"column":4},"end":{"line":92,"column":5}},"41":{"start":{"line":87,"column":23},"end":{"line":87,"column":56}},"42":{"start":{"line":88,"column":6},"end":{"line":88,"column":49}},"43":{"start":{"line":89,"column":6},"end":{"line":89,"column":43}},"44":{"start":{"line":91,"column":6},"end":{"line":91,"column":65}},"45":{"start":{"line":96,"column":15},"end":{"line":96,"column":28}},"46":{"start":{"line":98,"column":4},"end":{"line":103,"column":5}},"47":{"start":{"line":99,"column":23},"end":{"line":99,"column":48}},"48":{"start":{"line":100,"column":6},"end":{"line":100,"column":73}},"49":{"start":{"line":102,"column":6},"end":{"line":102,"column":25}},"50":{"start":{"line":107,"column":0},"end":{"line":107,"column":35}}},"fnMap":{"0":{"name":"(anonymous_0)","decl":{"start":{"line":5,"column":2},"end":{"line":5,"column":3}},"loc":{"start":{"line":5,"column":38},"end":{"line":27,"column":3}},"line":5},"1":{"name":"(anonymous_1)","decl":{"start":{"line":29,"column":2},"end":{"line":29,"column":3}},"loc":{"start":{"line":29,"column":47},"end":{"line":38,"column":3}},"line":29},"2":{"name":"(anonymous_2)","decl":{"start":{"line":40,"column":2},"end":{"line":40,"column":3}},"loc":{"start":{"line":40,"column":43},"end":{"line":48,"column":3}},"line":40},"3":{"name":"(anonymous_3)","decl":{"start":{"line":50,"column":2},"end":{"line":50,"column":3}},"loc":{"start":{"line":50,"column":39},"end":{"line":59,"column":3}},"line":50},"4":{"name":"(anonymous_4)","decl":{"start":{"line":61,"column":2},"end":{"line":61,"column":3}},"loc":{"start":{"line":61,"column":38},"end":{"line":77,"column":3}},"line":61},"5":{"name":"(anonymous_5)","decl":{"start":{"line":79,"column":2},"end":{"line":79,"column":3}},"loc":{"start":{"line":79,"column":44},"end":{"line":93,"column":3}},"line":79},"6":{"name":"(anonymous_6)","decl":{"start":{"line":95,"column":2},"end":{"line":95,"column":3}},"loc":{"start":{"line":95,"column":39},"end":{"line":104,"column":3}},"line":95}},"branchMap":{"0":{"loc":{"start":{"line":15,"column":6},"end":{"line":19,"column":7}},"type":"if","locations":[{"start":{"line":15,"column":6},"end":{"line":19,"column":7}},{"start":{"line":15,"column":6},"end":{"line":19,"column":7}}],"line":15},"1":{"loc":{"start":{"line":15,"column":10},"end":{"line":15,"column":63}},"type":"binary-expr","locations":[{"start":{"line":15,"column":10},"end":{"line":15,"column":31}},{"start":{"line":15,"column":35},"end":{"line":15,"column":63}}],"line":15}},"s":{"0":4,"1":4,"2":2,"3":2,"4":2,"5":2,"6":2,"7":1,"8":1,"9":1,"10":1,"11":1,"12":1,"13":2,"14":2,"15":2,"16":1,"17":1,"18":1,"19":2,"20":2,"21":2,"22":1,"23":1,"24":2,"25":2,"26":2,"27":1,"28":1,"29":0,"30":0,"31":0,"32":0,"33":0,"34":0,"35":0,"36":0,"37":2,"38":2,"39":2,"40":2,"41":2,"42":1,"43":1,"44":1,"45":1,"46":1,"47":1,"48":1,"49":0,"50":4},"f":{"0":2,"1":2,"2":2,"3":2,"4":0,"5":2,"6":1},"b":{"0":[1,1],"1":[2,2]},"_coverageSchema":"1a1c01bbd47fc00a2c39e90264f33305004495a9","hash":"e11dc9bef7e4e62c6f2a622b07a596f55d1ef201"}
,"/Users/sangga/Documents/Non kuliah/SE Fellowship/Hacktiv8/Phase3/week-4/server/controllers/userController.js": {"path":"/Users/sangga/Documents/Non kuliah/SE Fellowship/Hacktiv8/Phase3/week-4/server/controllers/userController.js","statementMap":{"0":{"start":{"line":1,"column":17},"end":{"line":1,"column":37}},"1":{"start":{"line":2,"column":28},"end":{"line":2,"column":58}},"2":{"start":{"line":3,"column":26},"end":{"line":3,"column":51}},"3":{"start":{"line":7,"column":4},"end":{"line":7,"column":42}},"4":{"start":{"line":8,"column":48},"end":{"line":8,"column":56}},"5":{"start":{"line":10,"column":4},"end":{"line":17,"column":5}},"6":{"start":{"line":11,"column":21},"end":{"line":11,"column":23}},"7":{"start":{"line":12,"column":6},"end":{"line":12,"column":60}},"8":{"start":{"line":13,"column":11},"end":{"line":17,"column":5}},"9":{"start":{"line":14,"column":23},"end":{"line":14,"column":43}},"10":{"start":{"line":15,"column":23},"end":{"line":15,"column":24}},"11":{"start":{"line":16,"column":6},"end":{"line":16,"column":72}},"12":{"start":{"line":19,"column":4},"end":{"line":30,"column":5}},"13":{"start":{"line":20,"column":6},"end":{"line":24,"column":7}},"14":{"start":{"line":21,"column":8},"end":{"line":23,"column":10}},"15":{"start":{"line":26,"column":23},"end":{"line":26,"column":51}},"16":{"start":{"line":27,"column":6},"end":{"line":27,"column":44}},"17":{"start":{"line":29,"column":6},"end":{"line":29,"column":65}},"18":{"start":{"line":34,"column":42},"end":{"line":34,"column":50}},"19":{"start":{"line":35,"column":20},"end":{"line":35,"column":49}},"20":{"start":{"line":36,"column":4},"end":{"line":59,"column":9}},"21":{"start":{"line":38,"column":8},"end":{"line":48,"column":9}},"22":{"start":{"line":39,"column":10},"end":{"line":39,"column":60}},"23":{"start":{"line":40,"column":15},"end":{"line":48,"column":9}},"24":{"start":{"line":41,"column":31},"end":{"line":44,"column":12}},"25":{"start":{"line":45,"column":10},"end":{"line":45,"column":71}},"26":{"start":{"line":47,"column":10},"end":{"line":47,"column":67}},"27":{"start":{"line":51,"column":8},"end":{"line":58,"column":9}},"28":{"start":{"line":55,"column":10},"end":{"line":55,"column":68}},"29":{"start":{"line":57,"column":10},"end":{"line":57,"column":69}},"30":{"start":{"line":63,"column":4},"end":{"line":69,"column":9}},"31":{"start":{"line":65,"column":8},"end":{"line":65,"column":39}},"32":{"start":{"line":68,"column":8},"end":{"line":68,"column":67}},"33":{"start":{"line":73,"column":4},"end":{"line":73,"column":38}},"34":{"start":{"line":77,"column":0},"end":{"line":77,"column":32}}},"fnMap":{"0":{"name":"(anonymous_0)","decl":{"start":{"line":6,"column":2},"end":{"line":6,"column":3}},"loc":{"start":{"line":6,"column":40},"end":{"line":31,"column":3}},"line":6},"1":{"name":"(anonymous_1)","decl":{"start":{"line":33,"column":2},"end":{"line":33,"column":3}},"loc":{"start":{"line":33,"column":31},"end":{"line":60,"column":3}},"line":33},"2":{"name":"(anonymous_2)","decl":{"start":{"line":37,"column":12},"end":{"line":37,"column":13}},"loc":{"start":{"line":37,"column":26},"end":{"line":49,"column":7}},"line":37},"3":{"name":"(anonymous_3)","decl":{"start":{"line":50,"column":13},"end":{"line":50,"column":14}},"loc":{"start":{"line":50,"column":24},"end":{"line":59,"column":7}},"line":50},"4":{"name":"(anonymous_4)","decl":{"start":{"line":62,"column":2},"end":{"line":62,"column":3}},"loc":{"start":{"line":62,"column":33},"end":{"line":70,"column":3}},"line":62},"5":{"name":"(anonymous_5)","decl":{"start":{"line":64,"column":12},"end":{"line":64,"column":13}},"loc":{"start":{"line":64,"column":26},"end":{"line":66,"column":7}},"line":64},"6":{"name":"(anonymous_6)","decl":{"start":{"line":67,"column":13},"end":{"line":67,"column":14}},"loc":{"start":{"line":67,"column":24},"end":{"line":69,"column":7}},"line":67},"7":{"name":"(anonymous_7)","decl":{"start":{"line":72,"column":2},"end":{"line":72,"column":3}},"loc":{"start":{"line":72,"column":37},"end":{"line":74,"column":3}},"line":72}},"branchMap":{"0":{"loc":{"start":{"line":10,"column":4},"end":{"line":17,"column":5}},"type":"if","locations":[{"start":{"line":10,"column":4},"end":{"line":17,"column":5}},{"start":{"line":10,"column":4},"end":{"line":17,"column":5}}],"line":10},"1":{"loc":{"start":{"line":13,"column":11},"end":{"line":17,"column":5}},"type":"if","locations":[{"start":{"line":13,"column":11},"end":{"line":17,"column":5}},{"start":{"line":13,"column":11},"end":{"line":17,"column":5}}],"line":13},"2":{"loc":{"start":{"line":20,"column":6},"end":{"line":24,"column":7}},"type":"if","locations":[{"start":{"line":20,"column":6},"end":{"line":24,"column":7}},{"start":{"line":20,"column":6},"end":{"line":24,"column":7}}],"line":20},"3":{"loc":{"start":{"line":20,"column":10},"end":{"line":20,"column":67}},"type":"binary-expr","locations":[{"start":{"line":20,"column":10},"end":{"line":20,"column":33}},{"start":{"line":20,"column":37},"end":{"line":20,"column":67}}],"line":20},"4":{"loc":{"start":{"line":38,"column":8},"end":{"line":48,"column":9}},"type":"if","locations":[{"start":{"line":38,"column":8},"end":{"line":48,"column":9}},{"start":{"line":38,"column":8},"end":{"line":48,"column":9}}],"line":38},"5":{"loc":{"start":{"line":40,"column":15},"end":{"line":48,"column":9}},"type":"if","locations":[{"start":{"line":40,"column":15},"end":{"line":48,"column":9}},{"start":{"line":40,"column":15},"end":{"line":48,"column":9}}],"line":40},"6":{"loc":{"start":{"line":51,"column":8},"end":{"line":58,"column":9}},"type":"if","locations":[{"start":{"line":51,"column":8},"end":{"line":58,"column":9}},{"start":{"line":51,"column":8},"end":{"line":58,"column":9}}],"line":51},"7":{"loc":{"start":{"line":52,"column":10},"end":{"line":53,"column":52}},"type":"binary-expr","locations":[{"start":{"line":52,"column":10},"end":{"line":52,"column":45}},{"start":{"line":53,"column":10},"end":{"line":53,"column":52}}],"line":52}},"s":{"0":4,"1":4,"2":4,"3":3,"4":3,"5":3,"6":2,"7":2,"8":1,"9":1,"10":1,"11":1,"12":3,"13":3,"14":1,"15":2,"16":2,"17":1,"18":1,"19":1,"20":1,"21":1,"22":0,"23":1,"24":1,"25":1,"26":0,"27":0,"28":0,"29":0,"30":1,"31":1,"32":0,"33":0,"34":4},"f":{"0":3,"1":1,"2":1,"3":0,"4":1,"5":1,"6":0,"7":0},"b":{"0":[2,1],"1":[1,0],"2":[1,2],"3":[3,3],"4":[0,1],"5":[1,0],"6":[0,0],"7":[0,0]},"_coverageSchema":"1a1c01bbd47fc00a2c39e90264f33305004495a9","hash":"db89997ca525de54605f65245baaafa20daddd2f"}
,"/Users/sangga/Documents/Non kuliah/SE Fellowship/Hacktiv8/Phase3/week-4/server/helpers/jwt.js": {"path":"/Users/sangga/Documents/Non kuliah/SE Fellowship/Hacktiv8/Phase3/week-4/server/helpers/jwt.js","statementMap":{"0":{"start":{"line":1,"column":12},"end":{"line":1,"column":35}},"1":{"start":{"line":4,"column":4},"end":{"line":4,"column":48}},"2":{"start":{"line":8,"column":4},"end":{"line":8,"column":48}},"3":{"start":{"line":11,"column":0},"end":{"line":13,"column":1}}},"fnMap":{"0":{"name":"generateToken","decl":{"start":{"line":3,"column":9},"end":{"line":3,"column":22}},"loc":{"start":{"line":3,"column":32},"end":{"line":5,"column":1}},"line":3},"1":{"name":"verifyToken","decl":{"start":{"line":7,"column":9},"end":{"line":7,"column":20}},"loc":{"start":{"line":7,"column":29},"end":{"line":9,"column":1}},"line":7}},"branchMap":{},"s":{"0":4,"1":5,"2":73,"3":4},"f":{"0":5,"1":73},"b":{},"_coverageSchema":"1a1c01bbd47fc00a2c39e90264f33305004495a9","hash":"eeafe526c581d5ffb8e5aefc7c024e5e5361ec22"}
,"/Users/sangga/Documents/Non kuliah/SE Fellowship/Hacktiv8/Phase3/week-4/server/helpers/password.js": {"path":"/Users/sangga/Documents/Non kuliah/SE Fellowship/Hacktiv8/Phase3/week-4/server/helpers/password.js","statementMap":{"0":{"start":{"line":1,"column":15},"end":{"line":1,"column":34}},"1":{"start":{"line":4,"column":14},"end":{"line":4,"column":35}},"2":{"start":{"line":5,"column":24},"end":{"line":5,"column":50}},"3":{"start":{"line":6,"column":1},"end":{"line":6,"column":22}},"4":{"start":{"line":10,"column":4},"end":{"line":10,"column":42}},"5":{"start":{"line":13,"column":0},"end":{"line":15,"column":1}}},"fnMap":{"0":{"name":"hashPassword","decl":{"start":{"line":3,"column":9},"end":{"line":3,"column":21}},"loc":{"start":{"line":3,"column":28},"end":{"line":7,"column":1}},"line":3},"1":{"name":"comparePassword","decl":{"start":{"line":9,"column":9},"end":{"line":9,"column":24}},"loc":{"start":{"line":9,"column":39},"end":{"line":11,"column":1}},"line":9}},"branchMap":{},"s":{"0":4,"1":7,"2":7,"3":7,"4":1,"5":4},"f":{"0":7,"1":1},"b":{},"_coverageSchema":"1a1c01bbd47fc00a2c39e90264f33305004495a9","hash":"1db14e46d9f0e5eb252f04e4e51370f944d04e1a"}
,"/Users/sangga/Documents/Non kuliah/SE Fellowship/Hacktiv8/Phase3/week-4/server/middlewares/authentication.js": {"path":"/Users/sangga/Documents/Non kuliah/SE Fellowship/Hacktiv8/Phase3/week-4/server/middlewares/authentication.js","statementMap":{"0":{"start":{"line":1,"column":11},"end":{"line":1,"column":37}},"1":{"start":{"line":2,"column":13},"end":{"line":2,"column":35}},"2":{"start":{"line":3,"column":24},"end":{"line":3,"column":49}},"3":{"start":{"line":4,"column":21},"end":{"line":4,"column":39}},"4":{"start":{"line":6,"column":0},"end":{"line":24,"column":2}},"5":{"start":{"line":7,"column":2},"end":{"line":23,"column":3}},"6":{"start":{"line":8,"column":29},"end":{"line":8,"column":40}},"7":{"start":{"line":9,"column":4},"end":{"line":20,"column":5}},"8":{"start":{"line":10,"column":6},"end":{"line":10,"column":37}},"9":{"start":{"line":11,"column":6},"end":{"line":11,"column":64}},"10":{"start":{"line":13,"column":22},"end":{"line":13,"column":47}},"11":{"start":{"line":14,"column":19},"end":{"line":14,"column":73}},"12":{"start":{"line":15,"column":6},"end":{"line":19,"column":7}},"13":{"start":{"line":16,"column":8},"end":{"line":16,"column":15}},"14":{"start":{"line":18,"column":8},"end":{"line":18,"column":66}},"15":{"start":{"line":22,"column":4},"end":{"line":22,"column":16}}},"fnMap":{"0":{"name":"(anonymous_0)","decl":{"start":{"line":6,"column":17},"end":{"line":6,"column":18}},"loc":{"start":{"line":6,"column":43},"end":{"line":24,"column":1}},"line":6}},"branchMap":{"0":{"loc":{"start":{"line":9,"column":4},"end":{"line":20,"column":5}},"type":"if","locations":[{"start":{"line":9,"column":4},"end":{"line":20,"column":5}},{"start":{"line":9,"column":4},"end":{"line":20,"column":5}}],"line":9},"1":{"loc":{"start":{"line":15,"column":6},"end":{"line":19,"column":7}},"type":"if","locations":[{"start":{"line":15,"column":6},"end":{"line":19,"column":7}},{"start":{"line":15,"column":6},"end":{"line":19,"column":7}}],"line":15}},"s":{"0":4,"1":4,"2":4,"3":4,"4":4,"5":73,"6":73,"7":73,"8":0,"9":0,"10":73,"11":73,"12":73,"13":73,"14":0,"15":0},"f":{"0":73},"b":{"0":[0,73],"1":[73,0]},"_coverageSchema":"1a1c01bbd47fc00a2c39e90264f33305004495a9","hash":"86572fc13cab698dde17ce75089ee21df890a3ab"}
,"/Users/sangga/Documents/Non kuliah/SE Fellowship/Hacktiv8/Phase3/week-4/server/models/booking.js": {"path":"/Users/sangga/Documents/Non kuliah/SE Fellowship/Hacktiv8/Phase3/week-4/server/models/booking.js","statementMap":{"0":{"start":{"line":1,"column":11},"end":{"line":1,"column":37}},"1":{"start":{"line":2,"column":16},"end":{"line":2,"column":41}},"2":{"start":{"line":3,"column":21},"end":{"line":3,"column":39}},"3":{"start":{"line":7,"column":4},"end":{"line":7,"column":38}},"4":{"start":{"line":10,"column":4},"end":{"line":10,"column":36}},"5":{"start":{"line":14,"column":4},"end":{"line":14,"column":50}},"6":{"start":{"line":18,"column":4},"end":{"line":18,"column":71}},"7":{"start":{"line":22,"column":4},"end":{"line":22,"column":64}},"8":{"start":{"line":26,"column":4},"end":{"line":26,"column":59}},"9":{"start":{"line":30,"column":4},"end":{"line":30,"column":31}},"10":{"start":{"line":31,"column":4},"end":{"line":31,"column":40}},"11":{"start":{"line":32,"column":4},"end":{"line":36,"column":6}},"12":{"start":{"line":40,"column":0},"end":{"line":40,"column":25}}},"fnMap":{"0":{"name":"(anonymous_0)","decl":{"start":{"line":6,"column":2},"end":{"line":6,"column":3}},"loc":{"start":{"line":6,"column":25},"end":{"line":8,"column":3}},"line":6},"1":{"name":"(anonymous_1)","decl":{"start":{"line":9,"column":2},"end":{"line":9,"column":3}},"loc":{"start":{"line":9,"column":19},"end":{"line":11,"column":3}},"line":9},"2":{"name":"(anonymous_2)","decl":{"start":{"line":13,"column":2},"end":{"line":13,"column":3}},"loc":{"start":{"line":13,"column":21},"end":{"line":15,"column":3}},"line":13},"3":{"name":"(anonymous_3)","decl":{"start":{"line":17,"column":2},"end":{"line":17,"column":3}},"loc":{"start":{"line":17,"column":25},"end":{"line":19,"column":3}},"line":17},"4":{"name":"(anonymous_4)","decl":{"start":{"line":21,"column":2},"end":{"line":21,"column":3}},"loc":{"start":{"line":21,"column":26},"end":{"line":23,"column":3}},"line":21},"5":{"name":"(anonymous_5)","decl":{"start":{"line":25,"column":2},"end":{"line":25,"column":3}},"loc":{"start":{"line":25,"column":21},"end":{"line":27,"column":3}},"line":25},"6":{"name":"(anonymous_6)","decl":{"start":{"line":29,"column":2},"end":{"line":29,"column":3}},"loc":{"start":{"line":29,"column":29},"end":{"line":37,"column":3}},"line":29}},"branchMap":{},"s":{"0":4,"1":4,"2":4,"3":1,"4":1,"5":2,"6":2,"7":2,"8":2,"9":2,"10":2,"11":2,"12":4},"f":{"0":1,"1":1,"2":2,"3":2,"4":2,"5":2,"6":2},"b":{},"_coverageSchema":"1a1c01bbd47fc00a2c39e90264f33305004495a9","hash":"03d39164bcb291ab30353c2708987248771476f1"}
,"/Users/sangga/Documents/Non kuliah/SE Fellowship/Hacktiv8/Phase3/week-4/server/models/court.js": {"path":"/Users/sangga/Documents/Non kuliah/SE Fellowship/Hacktiv8/Phase3/week-4/server/models/court.js","statementMap":{"0":{"start":{"line":1,"column":11},"end":{"line":1,"column":37}},"1":{"start":{"line":2,"column":14},"end":{"line":2,"column":37}},"2":{"start":{"line":3,"column":21},"end":{"line":3,"column":39}},"3":{"start":{"line":7,"column":4},"end":{"line":7,"column":52}},"4":{"start":{"line":8,"column":4},"end":{"line":8,"column":36}},"5":{"start":{"line":11,"column":4},"end":{"line":11,"column":34}},"6":{"start":{"line":15,"column":4},"end":{"line":15,"column":63}},"7":{"start":{"line":19,"column":4},"end":{"line":19,"column":48}},"8":{"start":{"line":23,"column":4},"end":{"line":23,"column":57}},"9":{"start":{"line":27,"column":4},"end":{"line":31,"column":6}},"10":{"start":{"line":35,"column":0},"end":{"line":35,"column":23}}},"fnMap":{"0":{"name":"(anonymous_0)","decl":{"start":{"line":6,"column":2},"end":{"line":6,"column":3}},"loc":{"start":{"line":6,"column":25},"end":{"line":9,"column":3}},"line":6},"1":{"name":"(anonymous_1)","decl":{"start":{"line":10,"column":2},"end":{"line":10,"column":3}},"loc":{"start":{"line":10,"column":19},"end":{"line":12,"column":3}},"line":10},"2":{"name":"(anonymous_2)","decl":{"start":{"line":14,"column":2},"end":{"line":14,"column":3}},"loc":{"start":{"line":14,"column":25},"end":{"line":16,"column":3}},"line":14},"3":{"name":"(anonymous_3)","decl":{"start":{"line":18,"column":2},"end":{"line":18,"column":3}},"loc":{"start":{"line":18,"column":21},"end":{"line":20,"column":3}},"line":18},"4":{"name":"(anonymous_4)","decl":{"start":{"line":22,"column":2},"end":{"line":22,"column":3}},"loc":{"start":{"line":22,"column":21},"end":{"line":24,"column":3}},"line":22},"5":{"name":"(anonymous_5)","decl":{"start":{"line":26,"column":2},"end":{"line":26,"column":3}},"loc":{"start":{"line":26,"column":29},"end":{"line":32,"column":3}},"line":26}},"branchMap":{},"s":{"0":4,"1":4,"2":4,"3":0,"4":0,"5":1,"6":1,"7":3,"8":2,"9":2,"10":4},"f":{"0":0,"1":1,"2":1,"3":3,"4":2,"5":2},"b":{},"_coverageSchema":"1a1c01bbd47fc00a2c39e90264f33305004495a9","hash":"5de06f643f307f5ebc894c0c1dc2d2123b9d137b"}
,"/Users/sangga/Documents/Non kuliah/SE Fellowship/Hacktiv8/Phase3/week-4/server/models/index.js": {"path":"/Users/sangga/Documents/Non kuliah/SE Fellowship/Hacktiv8/Phase3/week-4/server/models/index.js","statementMap":{"0":{"start":{"line":1,"column":13},"end":{"line":1,"column":30}},"1":{"start":{"line":2,"column":14},"end":{"line":2,"column":32}},"2":{"start":{"line":3,"column":16},"end":{"line":3,"column":36}},"3":{"start":{"line":4,"column":16},"end":{"line":4,"column":36}},"4":{"start":{"line":6,"column":0},"end":{"line":6,"column":51}}},"fnMap":{},"branchMap":{},"s":{"0":4,"1":4,"2":4,"3":4,"4":4},"f":{},"b":{},"_coverageSchema":"1a1c01bbd47fc00a2c39e90264f33305004495a9","hash":"56aeb9513ee7d90b9bdff074266d644809a96091"}
,"/Users/sangga/Documents/Non kuliah/SE Fellowship/Hacktiv8/Phase3/week-4/server/models/request.js": {"path":"/Users/sangga/Documents/Non kuliah/SE Fellowship/Hacktiv8/Phase3/week-4/server/models/request.js","statementMap":{"0":{"start":{"line":1,"column":11},"end":{"line":1,"column":37}},"1":{"start":{"line":2,"column":16},"end":{"line":2,"column":40}},"2":{"start":{"line":3,"column":21},"end":{"line":3,"column":39}},"3":{"start":{"line":7,"column":4},"end":{"line":7,"column":38}},"4":{"start":{"line":10,"column":4},"end":{"line":15,"column":17}},"5":{"start":{"line":19,"column":4},"end":{"line":23,"column":17}},"6":{"start":{"line":27,"column":4},"end":{"line":27,"column":50}},"7":{"start":{"line":31,"column":4},"end":{"line":31,"column":59}},"8":{"start":{"line":35,"column":4},"end":{"line":39,"column":6}},"9":{"start":{"line":43,"column":0},"end":{"line":43,"column":25}}},"fnMap":{"0":{"name":"(anonymous_0)","decl":{"start":{"line":6,"column":2},"end":{"line":6,"column":3}},"loc":{"start":{"line":6,"column":25},"end":{"line":8,"column":3}},"line":6},"1":{"name":"(anonymous_1)","decl":{"start":{"line":9,"column":2},"end":{"line":9,"column":3}},"loc":{"start":{"line":9,"column":29},"end":{"line":16,"column":3}},"line":9},"2":{"name":"(anonymous_2)","decl":{"start":{"line":18,"column":2},"end":{"line":18,"column":3}},"loc":{"start":{"line":18,"column":33},"end":{"line":24,"column":3}},"line":18},"3":{"name":"(anonymous_3)","decl":{"start":{"line":26,"column":2},"end":{"line":26,"column":3}},"loc":{"start":{"line":26,"column":21},"end":{"line":28,"column":3}},"line":26},"4":{"name":"(anonymous_4)","decl":{"start":{"line":30,"column":2},"end":{"line":30,"column":3}},"loc":{"start":{"line":30,"column":21},"end":{"line":32,"column":3}},"line":30},"5":{"name":"(anonymous_5)","decl":{"start":{"line":34,"column":2},"end":{"line":34,"column":3}},"loc":{"start":{"line":34,"column":29},"end":{"line":40,"column":3}},"line":34}},"branchMap":{},"s":{"0":4,"1":4,"2":4,"3":1,"4":2,"5":2,"6":2,"7":1,"8":2,"9":4},"f":{"0":1,"1":2,"2":2,"3":2,"4":1,"5":2},"b":{},"_coverageSchema":"1a1c01bbd47fc00a2c39e90264f33305004495a9","hash":"81fa97b94b5d03b2fce6095f58ff875781c59220"}
,"/Users/sangga/Documents/Non kuliah/SE Fellowship/Hacktiv8/Phase3/week-4/server/models/user.js": {"path":"/Users/sangga/Documents/Non kuliah/SE Fellowship/Hacktiv8/Phase3/week-4/server/models/user.js","statementMap":{"0":{"start":{"line":1,"column":11},"end":{"line":1,"column":37}},"1":{"start":{"line":2,"column":13},"end":{"line":2,"column":35}},"2":{"start":{"line":3,"column":25},"end":{"line":3,"column":55}},"3":{"start":{"line":7,"column":8},"end":{"line":7,"column":57}},"4":{"start":{"line":8,"column":8},"end":{"line":8,"column":38}},"5":{"start":{"line":12,"column":8},"end":{"line":14,"column":59}},"6":{"start":{"line":18,"column":8},"end":{"line":18,"column":37}},"7":{"start":{"line":23,"column":0},"end":{"line":23,"column":26}}},"fnMap":{"0":{"name":"(anonymous_0)","decl":{"start":{"line":6,"column":4},"end":{"line":6,"column":5}},"loc":{"start":{"line":6,"column":28},"end":{"line":9,"column":5}},"line":6},"1":{"name":"(anonymous_1)","decl":{"start":{"line":11,"column":4},"end":{"line":11,"column":5}},"loc":{"start":{"line":11,"column":25},"end":{"line":15,"column":5}},"line":11},"2":{"name":"(anonymous_2)","decl":{"start":{"line":17,"column":4},"end":{"line":17,"column":5}},"loc":{"start":{"line":17,"column":20},"end":{"line":19,"column":5}},"line":17}},"branchMap":{},"s":{"0":4,"1":4,"2":4,"3":2,"4":2,"5":1,"6":1,"7":4},"f":{"0":2,"1":1,"2":1},"b":{},"_coverageSchema":"1a1c01bbd47fc00a2c39e90264f33305004495a9","hash":"81f0e2a301892bfd9966d9fe982893b0ccfbdc18"}
,"/Users/sangga/Documents/Non kuliah/SE Fellowship/Hacktiv8/Phase3/week-4/server/routes/booking.js": {"path":"/Users/sangga/Documents/Non kuliah/SE Fellowship/Hacktiv8/Phase3/week-4/server/routes/booking.js","statementMap":{"0":{"start":{"line":1,"column":26},"end":{"line":1,"column":69}},"1":{"start":{"line":2,"column":15},"end":{"line":2,"column":42}},"2":{"start":{"line":3,"column":23},"end":{"line":3,"column":63}},"3":{"start":{"line":5,"column":0},"end":{"line":5,"column":26}},"4":{"start":{"line":6,"column":0},"end":{"line":6,"column":43}},"5":{"start":{"line":7,"column":0},"end":{"line":7,"column":46}},"6":{"start":{"line":8,"column":0},"end":{"line":8,"column":61}},"7":{"start":{"line":9,"column":0},"end":{"line":9,"column":64}},"8":{"start":{"line":10,"column":0},"end":{"line":10,"column":45}},"9":{"start":{"line":11,"column":0},"end":{"line":11,"column":49}},"10":{"start":{"line":12,"column":0},"end":{"line":12,"column":43}},"11":{"start":{"line":13,"column":0},"end":{"line":13,"column":54}},"12":{"start":{"line":15,"column":0},"end":{"line":15,"column":24}}},"fnMap":{},"branchMap":{},"s":{"0":4,"1":4,"2":4,"3":4,"4":4,"5":4,"6":4,"7":4,"8":4,"9":4,"10":4,"11":4,"12":4},"f":{},"b":{},"_coverageSchema":"1a1c01bbd47fc00a2c39e90264f33305004495a9","hash":"282e328a7fcbb6e75d7afbb2f42cf0e75e814545"}
,"/Users/sangga/Documents/Non kuliah/SE Fellowship/Hacktiv8/Phase3/week-4/server/routes/court.js": {"path":"/Users/sangga/Documents/Non kuliah/SE Fellowship/Hacktiv8/Phase3/week-4/server/routes/court.js","statementMap":{"0":{"start":{"line":1,"column":15},"end":{"line":1,"column":42}},"1":{"start":{"line":2,"column":24},"end":{"line":2,"column":65}},"2":{"start":{"line":3,"column":23},"end":{"line":3,"column":63}},"3":{"start":{"line":4,"column":15},"end":{"line":4,"column":42}},"4":{"start":{"line":5,"column":16},"end":{"line":10,"column":2}},"5":{"start":{"line":8,"column":4},"end":{"line":8,"column":38}},"6":{"start":{"line":11,"column":15},"end":{"line":11,"column":43}},"7":{"start":{"line":13,"column":0},"end":{"line":13,"column":27}},"8":{"start":{"line":14,"column":0},"end":{"line":14,"column":41}},"9":{"start":{"line":15,"column":0},"end":{"line":15,"column":44}},"10":{"start":{"line":16,"column":0},"end":{"line":16,"column":59}},"11":{"start":{"line":17,"column":0},"end":{"line":17,"column":43}},"12":{"start":{"line":18,"column":0},"end":{"line":18,"column":47}},"13":{"start":{"line":19,"column":0},"end":{"line":19,"column":66}},"14":{"start":{"line":21,"column":0},"end":{"line":21,"column":24}}},"fnMap":{"0":{"name":"(anonymous_0)","decl":{"start":{"line":7,"column":12},"end":{"line":7,"column":13}},"loc":{"start":{"line":7,"column":43},"end":{"line":9,"column":3}},"line":7}},"branchMap":{},"s":{"0":4,"1":4,"2":4,"3":4,"4":4,"5":0,"6":4,"7":4,"8":4,"9":4,"10":4,"11":4,"12":4,"13":4,"14":4},"f":{"0":0},"b":{},"_coverageSchema":"1a1c01bbd47fc00a2c39e90264f33305004495a9","hash":"707e12fe14b27b1d7d7e34ceec3ecbbe9a7f91f4"}
,"/Users/sangga/Documents/Non kuliah/SE Fellowship/Hacktiv8/Phase3/week-4/server/routes/index.js": {"path":"/Users/sangga/Documents/Non kuliah/SE Fellowship/Hacktiv8/Phase3/week-4/server/routes/index.js","statementMap":{"0":{"start":{"line":1,"column":15},"end":{"line":1,"column":42}},"1":{"start":{"line":3,"column":19},"end":{"line":3,"column":36}},"2":{"start":{"line":4,"column":20},"end":{"line":4,"column":38}},"3":{"start":{"line":5,"column":22},"end":{"line":5,"column":42}},"4":{"start":{"line":6,"column":22},"end":{"line":6,"column":42}},"5":{"start":{"line":8,"column":0},"end":{"line":8,"column":28}},"6":{"start":{"line":9,"column":0},"end":{"line":9,"column":34}},"7":{"start":{"line":10,"column":0},"end":{"line":10,"column":38}},"8":{"start":{"line":11,"column":0},"end":{"line":11,"column":38}},"9":{"start":{"line":13,"column":0},"end":{"line":13,"column":24}}},"fnMap":{},"branchMap":{},"s":{"0":4,"1":4,"2":4,"3":4,"4":4,"5":4,"6":4,"7":4,"8":4,"9":4},"f":{},"b":{},"_coverageSchema":"1a1c01bbd47fc00a2c39e90264f33305004495a9","hash":"b25ead4ead446680e09c932788887f2a510675e8"}
,"/Users/sangga/Documents/Non kuliah/SE Fellowship/Hacktiv8/Phase3/week-4/server/routes/request.js": {"path":"/Users/sangga/Documents/Non kuliah/SE Fellowship/Hacktiv8/Phase3/week-4/server/routes/request.js","statementMap":{"0":{"start":{"line":1,"column":26},"end":{"line":1,"column":69}},"1":{"start":{"line":2,"column":15},"end":{"line":2,"column":42}},"2":{"start":{"line":3,"column":23},"end":{"line":3,"column":63}},"3":{"start":{"line":5,"column":0},"end":{"line":5,"column":27}},"4":{"start":{"line":6,"column":0},"end":{"line":6,"column":43}},"5":{"start":{"line":7,"column":0},"end":{"line":7,"column":59}},"6":{"start":{"line":8,"column":0},"end":{"line":8,"column":67}},"7":{"start":{"line":9,"column":0},"end":{"line":9,"column":46}},"8":{"start":{"line":10,"column":0},"end":{"line":10,"column":45}},"9":{"start":{"line":11,"column":0},"end":{"line":11,"column":53}},"10":{"start":{"line":12,"column":0},"end":{"line":12,"column":49}},"11":{"start":{"line":14,"column":0},"end":{"line":14,"column":24}}},"fnMap":{},"branchMap":{},"s":{"0":4,"1":4,"2":4,"3":4,"4":4,"5":4,"6":4,"7":4,"8":4,"9":4,"10":4,"11":4},"f":{},"b":{},"_coverageSchema":"1a1c01bbd47fc00a2c39e90264f33305004495a9","hash":"03ebdb8001cbfec17e28528fdf04e58a780afb36"}
,"/Users/sangga/Documents/Non kuliah/SE Fellowship/Hacktiv8/Phase3/week-4/server/routes/user.js": {"path":"/Users/sangga/Documents/Non kuliah/SE Fellowship/Hacktiv8/Phase3/week-4/server/routes/user.js","statementMap":{"0":{"start":{"line":1,"column":15},"end":{"line":1,"column":42}},"1":{"start":{"line":2,"column":23},"end":{"line":2,"column":63}},"2":{"start":{"line":3,"column":23},"end":{"line":3,"column":63}},"3":{"start":{"line":5,"column":0},"end":{"line":5,"column":49}},"4":{"start":{"line":6,"column":0},"end":{"line":6,"column":43}},"5":{"start":{"line":7,"column":0},"end":{"line":7,"column":26}},"6":{"start":{"line":8,"column":0},"end":{"line":8,"column":44}},"7":{"start":{"line":11,"column":0},"end":{"line":11,"column":23}}},"fnMap":{},"branchMap":{},"s":{"0":4,"1":4,"2":4,"3":4,"4":4,"5":4,"6":4,"7":4},"f":{},"b":{},"_coverageSchema":"1a1c01bbd47fc00a2c39e90264f33305004495a9","hash":"98b1ac6719ad4d4869b105eeac962268272e5a20"}
}
