{"/Users/sangga/Documents/Non kuliah/SE Fellowship/Hacktiv8/Phase3/week-4/server/app.js": {"path":"/Users/sangga/Documents/Non kuliah/SE Fellowship/Hacktiv8/Phase3/week-4/server/app.js","statementMap":{"0":{"start":{"line":1,"column":0},"end":{"line":1,"column":72}},"1":{"start":{"line":1,"column":45},"end":{"line":1,"column":71}},"2":{"start":{"line":2,"column":16},"end":{"line":2,"column":34}},"3":{"start":{"line":3,"column":12},"end":{"line":3,"column":21}},"4":{"start":{"line":4,"column":13},"end":{"line":4,"column":37}},"5":{"start":{"line":5,"column":15},"end":{"line":5,"column":34}},"6":{"start":{"line":7,"column":0},"end":{"line":7,"column":49}},"7":{"start":{"line":8,"column":0},"end":{"line":8,"column":24}},"8":{"start":{"line":10,"column":0},"end":{"line":10,"column":16}},"9":{"start":{"line":19,"column":0},"end":{"line":19,"column":21}}},"fnMap":{},"branchMap":{"0":{"loc":{"start":{"line":1,"column":0},"end":{"line":1,"column":72}},"type":"if","locations":[{"start":{"line":1,"column":0},"end":{"line":1,"column":72}},{"start":{"line":1,"column":0},"end":{"line":1,"column":72}}],"line":1},"1":{"loc":{"start":{"line":4,"column":13},"end":{"line":4,"column":37}},"type":"binary-expr","locations":[{"start":{"line":4,"column":13},"end":{"line":4,"column":29}},{"start":{"line":4,"column":33},"end":{"line":4,"column":37}}],"line":4}},"s":{"0":4,"1":4,"2":4,"3":4,"4":4,"5":4,"6":4,"7":4,"8":4,"9":4},"f":{},"b":{"0":[4,0],"1":[4,4]},"_coverageSchema":"1a1c01bbd47fc00a2c39e90264f33305004495a9","hash":"ed166839a896fe720e6a6f1b4d872bd53bd2061b"}
,"/Users/sangga/Documents/Non kuliah/SE Fellowship/Hacktiv8/Phase3/week-4/server/config/mongo.js": {"path":"/Users/sangga/Documents/Non kuliah/SE Fellowship/Hacktiv8/Phase3/week-4/server/config/mongo.js","statementMap":{"0":{"start":{"line":1,"column":24},"end":{"line":1,"column":42}},"1":{"start":{"line":2,"column":12},"end":{"line":2,"column":39}},"2":{"start":{"line":3,"column":15},"end":{"line":3,"column":27}},"3":{"start":{"line":4,"column":15},"end":{"line":4,"column":65}},"4":{"start":{"line":5,"column":0},"end":{"line":5,"column":16}},"5":{"start":{"line":7,"column":11},"end":{"line":7,"column":28}},"6":{"start":{"line":9,"column":0},"end":{"line":9,"column":19}}},"fnMap":{},"branchMap":{},"s":{"0":4,"1":4,"2":4,"3":4,"4":4,"5":4,"6":4},"f":{},"b":{},"_coverageSchema":"1a1c01bbd47fc00a2c39e90264f33305004495a9","hash":"e9d3f9937e6f0ec084cda556906db6693f3a6cdf"}
,"/Users/sangga/Documents/Non kuliah/SE Fellowship/Hacktiv8/Phase3/week-4/server/config/multer.js": {"path":"/Users/sangga/Documents/Non kuliah/SE Fellowship/Hacktiv8/Phase3/week-4/server/config/multer.js","statementMap":{"0":{"start":{"line":1,"column":15},"end":{"line":1,"column":32}},"1":{"start":{"line":3,"column":0},"end":{"line":3,"column":23}}},"fnMap":{},"branchMap":{},"s":{"0":4,"1":4},"f":{},"b":{},"_coverageSchema":"1a1c01bbd47fc00a2c39e90264f33305004495a9","hash":"e7a2f7e06bc7eb9976df109ae21529e96de2e493"}
,"/Users/sangga/Documents/Non kuliah/SE Fellowship/Hacktiv8/Phase3/week-4/server/controllers/bookingController.js": {"path":"/Users/sangga/Documents/Non kuliah/SE Fellowship/Hacktiv8/Phase3/week-4/server/controllers/bookingController.js","statementMap":{"0":{"start":{"line":1,"column":18},"end":{"line":1,"column":38}},"1":{"start":{"line":5,"column":53},"end":{"line":5,"column":61}},"2":{"start":{"line":6,"column":20},"end":{"line":12,"column":5}},"3":{"start":{"line":14,"column":4},"end":{"line":25,"column":5}},"4":{"start":{"line":15,"column":6},"end":{"line":20,"column":7}},"5":{"start":{"line":16,"column":8},"end":{"line":19,"column":9}},"6":{"start":{"line":21,"column":23},"end":{"line":21,"column":52}},"7":{"start":{"line":22,"column":6},"end":{"line":22,"column":44}},"8":{"start":{"line":24,"column":6},"end":{"line":24,"column":57}},"9":{"start":{"line":28,"column":19},"end":{"line":28,"column":29}},"10":{"start":{"line":29,"column":53},"end":{"line":29,"column":61}},"11":{"start":{"line":30,"column":20},"end":{"line":36,"column":5}},"12":{"start":{"line":37,"column":4},"end":{"line":48,"column":5}},"13":{"start":{"line":38,"column":6},"end":{"line":43,"column":7}},"14":{"start":{"line":39,"column":8},"end":{"line":42,"column":9}},"15":{"start":{"line":44,"column":23},"end":{"line":44,"column":56}},"16":{"start":{"line":45,"column":6},"end":{"line":45,"column":43}},"17":{"start":{"line":47,"column":6},"end":{"line":47,"column":57}},"18":{"start":{"line":52,"column":19},"end":{"line":52,"column":29}},"19":{"start":{"line":53,"column":24},"end":{"line":53,"column":32}},"20":{"start":{"line":54,"column":20},"end":{"line":54,"column":31}},"21":{"start":{"line":55,"column":4},"end":{"line":55,"column":37}},"22":{"start":{"line":57,"column":4},"end":{"line":61,"column":22}},"23":{"start":{"line":58,"column":23},"end":{"line":58,"column":56}},"24":{"start":{"line":59,"column":6},"end":{"line":59,"column":44}},"25":{"start":{"line":60,"column":6},"end":{"line":60,"column":43}},"26":{"start":{"line":64,"column":4},"end":{"line":69,"column":5}},"27":{"start":{"line":65,"column":23},"end":{"line":65,"column":46}},"28":{"start":{"line":66,"column":6},"end":{"line":66,"column":37}},"29":{"start":{"line":68,"column":6},"end":{"line":68,"column":25}},"30":{"start":{"line":73,"column":19},"end":{"line":73,"column":29}},"31":{"start":{"line":74,"column":4},"end":{"line":79,"column":5}},"32":{"start":{"line":75,"column":23},"end":{"line":75,"column":48}},"33":{"start":{"line":76,"column":6},"end":{"line":76,"column":37}},"34":{"start":{"line":78,"column":6},"end":{"line":78,"column":61}},"35":{"start":{"line":83,"column":15},"end":{"line":83,"column":33}},"36":{"start":{"line":84,"column":4},"end":{"line":90,"column":5}},"37":{"start":{"line":85,"column":23},"end":{"line":85,"column":52}},"38":{"start":{"line":86,"column":6},"end":{"line":86,"column":37}},"39":{"start":{"line":88,"column":6},"end":{"line":88,"column":62}},"40":{"start":{"line":94,"column":15},"end":{"line":94,"column":34}},"41":{"start":{"line":96,"column":4},"end":{"line":101,"column":5}},"42":{"start":{"line":97,"column":23},"end":{"line":97,"column":53}},"43":{"start":{"line":98,"column":6},"end":{"line":98,"column":37}},"44":{"start":{"line":100,"column":8},"end":{"line":100,"column":64}},"45":{"start":{"line":104,"column":19},"end":{"line":104,"column":29}},"46":{"start":{"line":106,"column":4},"end":{"line":111,"column":5}},"47":{"start":{"line":107,"column":23},"end":{"line":107,"column":48}},"48":{"start":{"line":108,"column":6},"end":{"line":108,"column":73}},"49":{"start":{"line":110,"column":6},"end":{"line":110,"column":62}},"50":{"start":{"line":115,"column":0},"end":{"line":115,"column":35}}},"fnMap":{"0":{"name":"(anonymous_0)","decl":{"start":{"line":4,"column":2},"end":{"line":4,"column":3}},"loc":{"start":{"line":4,"column":38},"end":{"line":26,"column":3}},"line":4},"1":{"name":"(anonymous_1)","decl":{"start":{"line":27,"column":2},"end":{"line":27,"column":3}},"loc":{"start":{"line":27,"column":38},"end":{"line":49,"column":3}},"line":27},"2":{"name":"(anonymous_2)","decl":{"start":{"line":51,"column":2},"end":{"line":51,"column":3}},"loc":{"start":{"line":51,"column":45},"end":{"line":62,"column":3}},"line":51},"3":{"name":"(anonymous_3)","decl":{"start":{"line":63,"column":2},"end":{"line":63,"column":3}},"loc":{"start":{"line":63,"column":39},"end":{"line":70,"column":3}},"line":63},"4":{"name":"(anonymous_4)","decl":{"start":{"line":72,"column":2},"end":{"line":72,"column":3}},"loc":{"start":{"line":72,"column":39},"end":{"line":80,"column":3}},"line":72},"5":{"name":"(anonymous_5)","decl":{"start":{"line":82,"column":2},"end":{"line":82,"column":3}},"loc":{"start":{"line":82,"column":43},"end":{"line":91,"column":3}},"line":82},"6":{"name":"(anonymous_6)","decl":{"start":{"line":93,"column":2},"end":{"line":93,"column":3}},"loc":{"start":{"line":93,"column":44},"end":{"line":102,"column":3}},"line":93},"7":{"name":"(anonymous_7)","decl":{"start":{"line":103,"column":2},"end":{"line":103,"column":3}},"loc":{"start":{"line":103,"column":39},"end":{"line":112,"column":3}},"line":103}},"branchMap":{"0":{"loc":{"start":{"line":15,"column":6},"end":{"line":20,"column":7}},"type":"if","locations":[{"start":{"line":15,"column":6},"end":{"line":20,"column":7}},{"start":{"line":15,"column":6},"end":{"line":20,"column":7}}],"line":15},"1":{"loc":{"start":{"line":15,"column":10},"end":{"line":15,"column":60}},"type":"binary-expr","locations":[{"start":{"line":15,"column":10},"end":{"line":15,"column":29}},{"start":{"line":15,"column":33},"end":{"line":15,"column":60}}],"line":15},"2":{"loc":{"start":{"line":38,"column":6},"end":{"line":43,"column":7}},"type":"if","locations":[{"start":{"line":38,"column":6},"end":{"line":43,"column":7}},{"start":{"line":38,"column":6},"end":{"line":43,"column":7}}],"line":38},"3":{"loc":{"start":{"line":38,"column":10},"end":{"line":38,"column":60}},"type":"binary-expr","locations":[{"start":{"line":38,"column":10},"end":{"line":38,"column":29}},{"start":{"line":38,"column":33},"end":{"line":38,"column":60}}],"line":38}},"s":{"0":4,"1":2,"2":2,"3":2,"4":2,"5":1,"6":1,"7":1,"8":1,"9":2,"10":2,"11":2,"12":2,"13":2,"14":1,"15":1,"16":1,"17":1,"18":1,"19":1,"20":1,"21":1,"22":1,"23":1,"24":1,"25":1,"26":1,"27":1,"28":1,"29":0,"30":2,"31":2,"32":2,"33":1,"34":1,"35":2,"36":2,"37":2,"38":1,"39":1,"40":2,"41":2,"42":2,"43":1,"44":1,"45":2,"46":2,"47":2,"48":1,"49":1,"50":4},"f":{"0":2,"1":2,"2":1,"3":1,"4":2,"5":2,"6":2,"7":2},"b":{"0":[1,1],"1":[2,2],"2":[1,1],"3":[2,2]},"_coverageSchema":"1a1c01bbd47fc00a2c39e90264f33305004495a9","hash":"53a7fe65c3e9c6e0b8967e9498cf3c117e4b90e3"}
,"/Users/sangga/Documents/Non kuliah/SE Fellowship/Hacktiv8/Phase3/week-4/server/controllers/courtController.js": {"path":"/Users/sangga/Documents/Non kuliah/SE Fellowship/Hacktiv8/Phase3/week-4/server/controllers/courtController.js","statementMap":{"0":{"start":{"line":1,"column":18},"end":{"line":1,"column":38}},"1":{"start":{"line":2,"column":14},"end":{"line":2,"column":30}},"2":{"start":{"line":6,"column":4},"end":{"line":39,"column":5}},"3":{"start":{"line":7,"column":80},"end":{"line":7,"column":88}},"4":{"start":{"line":8,"column":6},"end":{"line":13,"column":7}},"5":{"start":{"line":9,"column":8},"end":{"line":12,"column":9}},"6":{"start":{"line":14,"column":22},"end":{"line":23,"column":7}},"7":{"start":{"line":24,"column":23},"end":{"line":24,"column":152}},"8":{"start":{"line":25,"column":6},"end":{"line":34,"column":7}},"9":{"start":{"line":26,"column":8},"end":{"line":29,"column":9}},"10":{"start":{"line":30,"column":25},"end":{"line":30,"column":52}},"11":{"start":{"line":31,"column":8},"end":{"line":31,"column":46}},"12":{"start":{"line":33,"column":8},"end":{"line":33,"column":55}},"13":{"start":{"line":36,"column":6},"end":{"line":38,"column":7}},"14":{"start":{"line":37,"column":8},"end":{"line":37,"column":54}},"15":{"start":{"line":43,"column":4},"end":{"line":48,"column":5}},"16":{"start":{"line":44,"column":23},"end":{"line":44,"column":44}},"17":{"start":{"line":45,"column":6},"end":{"line":45,"column":37}},"18":{"start":{"line":47,"column":6},"end":{"line":47,"column":62}},"19":{"start":{"line":52,"column":15},"end":{"line":52,"column":28}},"20":{"start":{"line":54,"column":4},"end":{"line":59,"column":5}},"21":{"start":{"line":55,"column":23},"end":{"line":55,"column":46}},"22":{"start":{"line":56,"column":6},"end":{"line":56,"column":37}},"23":{"start":{"line":58,"column":6},"end":{"line":58,"column":61}},"24":{"start":{"line":63,"column":15},"end":{"line":63,"column":28}},"25":{"start":{"line":64,"column":78},"end":{"line":64,"column":86}},"26":{"start":{"line":65,"column":20},"end":{"line":74,"column":5}},"27":{"start":{"line":76,"column":4},"end":{"line":81,"column":5}},"28":{"start":{"line":77,"column":23},"end":{"line":77,"column":54}},"29":{"start":{"line":78,"column":6},"end":{"line":78,"column":43}},"30":{"start":{"line":80,"column":6},"end":{"line":80,"column":62}},"31":{"start":{"line":85,"column":15},"end":{"line":85,"column":28}},"32":{"start":{"line":87,"column":4},"end":{"line":92,"column":5}},"33":{"start":{"line":88,"column":23},"end":{"line":88,"column":46}},"34":{"start":{"line":89,"column":6},"end":{"line":89,"column":73}},"35":{"start":{"line":91,"column":6},"end":{"line":91,"column":62}},"36":{"start":{"line":96,"column":0},"end":{"line":96,"column":33}}},"fnMap":{"0":{"name":"(anonymous_0)","decl":{"start":{"line":5,"column":2},"end":{"line":5,"column":3}},"loc":{"start":{"line":5,"column":38},"end":{"line":40,"column":3}},"line":5},"1":{"name":"(anonymous_1)","decl":{"start":{"line":42,"column":2},"end":{"line":42,"column":3}},"loc":{"start":{"line":42,"column":39},"end":{"line":49,"column":3}},"line":42},"2":{"name":"(anonymous_2)","decl":{"start":{"line":51,"column":2},"end":{"line":51,"column":3}},"loc":{"start":{"line":51,"column":39},"end":{"line":60,"column":3}},"line":51},"3":{"name":"(anonymous_3)","decl":{"start":{"line":62,"column":2},"end":{"line":62,"column":3}},"loc":{"start":{"line":62,"column":38},"end":{"line":82,"column":3}},"line":62},"4":{"name":"(anonymous_4)","decl":{"start":{"line":84,"column":2},"end":{"line":84,"column":3}},"loc":{"start":{"line":84,"column":39},"end":{"line":93,"column":3}},"line":84}},"branchMap":{"0":{"loc":{"start":{"line":8,"column":6},"end":{"line":13,"column":7}},"type":"if","locations":[{"start":{"line":8,"column":6},"end":{"line":13,"column":7}},{"start":{"line":8,"column":6},"end":{"line":13,"column":7}}],"line":8},"1":{"loc":{"start":{"line":8,"column":10},"end":{"line":8,"column":43}},"type":"binary-expr","locations":[{"start":{"line":8,"column":10},"end":{"line":8,"column":28}},{"start":{"line":8,"column":32},"end":{"line":8,"column":43}}],"line":8},"2":{"loc":{"start":{"line":25,"column":6},"end":{"line":34,"column":7}},"type":"if","locations":[{"start":{"line":25,"column":6},"end":{"line":34,"column":7}},{"start":{"line":25,"column":6},"end":{"line":34,"column":7}}],"line":25},"3":{"loc":{"start":{"line":36,"column":6},"end":{"line":38,"column":7}},"type":"if","locations":[{"start":{"line":36,"column":6},"end":{"line":38,"column":7}},{"start":{"line":36,"column":6},"end":{"line":38,"column":7}}],"line":36}},"s":{"0":4,"1":4,"2":2,"3":2,"4":2,"5":1,"6":1,"7":1,"8":1,"9":1,"10":1,"11":1,"12":0,"13":1,"14":1,"15":1,"16":1,"17":1,"18":0,"19":2,"20":2,"21":2,"22":1,"23":1,"24":2,"25":2,"26":2,"27":2,"28":2,"29":1,"30":1,"31":2,"32":2,"33":2,"34":1,"35":1,"36":4},"f":{"0":2,"1":1,"2":2,"3":2,"4":2},"b":{"0":[1,1],"1":[2,1],"2":[1,0],"3":[1,0]},"_coverageSchema":"1a1c01bbd47fc00a2c39e90264f33305004495a9","hash":"fcfe14ee262154eba0074a7d2168698a34a4ce11"}
,"/Users/sangga/Documents/Non kuliah/SE Fellowship/Hacktiv8/Phase3/week-4/server/controllers/requestController.js": {"path":"/Users/sangga/Documents/Non kuliah/SE Fellowship/Hacktiv8/Phase3/week-4/server/controllers/requestController.js","statementMap":{"0":{"start":{"line":1,"column":21},"end":{"line":1,"column":39}},"1":{"start":{"line":2,"column":20},"end":{"line":2,"column":40}},"2":{"start":{"line":6,"column":44},"end":{"line":6,"column":52}},"3":{"start":{"line":7,"column":20},"end":{"line":11,"column":5}},"4":{"start":{"line":13,"column":4},"end":{"line":25,"column":5}},"5":{"start":{"line":14,"column":6},"end":{"line":18,"column":7}},"6":{"start":{"line":15,"column":8},"end":{"line":17,"column":10}},"7":{"start":{"line":19,"column":6},"end":{"line":19,"column":66}},"8":{"start":{"line":20,"column":6},"end":{"line":20,"column":61}},"9":{"start":{"line":21,"column":23},"end":{"line":21,"column":52}},"10":{"start":{"line":22,"column":6},"end":{"line":22,"column":44}},"11":{"start":{"line":24,"column":6},"end":{"line":24,"column":65}},"12":{"start":{"line":29,"column":23},"end":{"line":29,"column":33}},"13":{"start":{"line":30,"column":4},"end":{"line":36,"column":5}},"14":{"start":{"line":31,"column":23},"end":{"line":31,"column":60}},"15":{"start":{"line":32,"column":6},"end":{"line":32,"column":28}},"16":{"start":{"line":33,"column":6},"end":{"line":33,"column":37}},"17":{"start":{"line":35,"column":6},"end":{"line":35,"column":65}},"18":{"start":{"line":40,"column":23},"end":{"line":40,"column":33}},"19":{"start":{"line":41,"column":4},"end":{"line":46,"column":5}},"20":{"start":{"line":42,"column":23},"end":{"line":42,"column":56}},"21":{"start":{"line":43,"column":6},"end":{"line":43,"column":37}},"22":{"start":{"line":45,"column":6},"end":{"line":45,"column":65}},"23":{"start":{"line":50,"column":15},"end":{"line":50,"column":28}},"24":{"start":{"line":52,"column":4},"end":{"line":57,"column":5}},"25":{"start":{"line":53,"column":23},"end":{"line":53,"column":48}},"26":{"start":{"line":54,"column":6},"end":{"line":54,"column":37}},"27":{"start":{"line":56,"column":6},"end":{"line":56,"column":65}},"28":{"start":{"line":61,"column":15},"end":{"line":61,"column":28}},"29":{"start":{"line":62,"column":44},"end":{"line":62,"column":52}},"30":{"start":{"line":63,"column":20},"end":{"line":67,"column":5}},"31":{"start":{"line":69,"column":4},"end":{"line":74,"column":5}},"32":{"start":{"line":70,"column":23},"end":{"line":70,"column":56}},"33":{"start":{"line":71,"column":6},"end":{"line":71,"column":43}},"34":{"start":{"line":73,"column":6},"end":{"line":73,"column":25}},"35":{"start":{"line":78,"column":15},"end":{"line":78,"column":28}},"36":{"start":{"line":79,"column":23},"end":{"line":79,"column":31}},"37":{"start":{"line":80,"column":20},"end":{"line":82,"column":5}},"38":{"start":{"line":84,"column":4},"end":{"line":89,"column":5}},"39":{"start":{"line":85,"column":23},"end":{"line":85,"column":56}},"40":{"start":{"line":86,"column":6},"end":{"line":86,"column":43}},"41":{"start":{"line":88,"column":6},"end":{"line":88,"column":65}},"42":{"start":{"line":93,"column":15},"end":{"line":93,"column":28}},"43":{"start":{"line":95,"column":4},"end":{"line":100,"column":5}},"44":{"start":{"line":96,"column":23},"end":{"line":96,"column":48}},"45":{"start":{"line":97,"column":6},"end":{"line":97,"column":73}},"46":{"start":{"line":99,"column":6},"end":{"line":99,"column":25}},"47":{"start":{"line":104,"column":0},"end":{"line":104,"column":35}}},"fnMap":{"0":{"name":"(anonymous_0)","decl":{"start":{"line":5,"column":2},"end":{"line":5,"column":3}},"loc":{"start":{"line":5,"column":38},"end":{"line":26,"column":3}},"line":5},"1":{"name":"(anonymous_1)","decl":{"start":{"line":28,"column":2},"end":{"line":28,"column":3}},"loc":{"start":{"line":28,"column":47},"end":{"line":37,"column":3}},"line":28},"2":{"name":"(anonymous_2)","decl":{"start":{"line":39,"column":2},"end":{"line":39,"column":3}},"loc":{"start":{"line":39,"column":43},"end":{"line":47,"column":3}},"line":39},"3":{"name":"(anonymous_3)","decl":{"start":{"line":49,"column":2},"end":{"line":49,"column":3}},"loc":{"start":{"line":49,"column":39},"end":{"line":58,"column":3}},"line":49},"4":{"name":"(anonymous_4)","decl":{"start":{"line":60,"column":2},"end":{"line":60,"column":3}},"loc":{"start":{"line":60,"column":38},"end":{"line":75,"column":3}},"line":60},"5":{"name":"(anonymous_5)","decl":{"start":{"line":77,"column":2},"end":{"line":77,"column":3}},"loc":{"start":{"line":77,"column":44},"end":{"line":90,"column":3}},"line":77},"6":{"name":"(anonymous_6)","decl":{"start":{"line":92,"column":2},"end":{"line":92,"column":3}},"loc":{"start":{"line":92,"column":39},"end":{"line":101,"column":3}},"line":92}},"branchMap":{"0":{"loc":{"start":{"line":14,"column":6},"end":{"line":18,"column":7}},"type":"if","locations":[{"start":{"line":14,"column":6},"end":{"line":18,"column":7}},{"start":{"line":14,"column":6},"end":{"line":18,"column":7}}],"line":14},"1":{"loc":{"start":{"line":14,"column":10},"end":{"line":14,"column":63}},"type":"binary-expr","locations":[{"start":{"line":14,"column":10},"end":{"line":14,"column":31}},{"start":{"line":14,"column":35},"end":{"line":14,"column":63}}],"line":14}},"s":{"0":4,"1":4,"2":2,"3":2,"4":2,"5":2,"6":1,"7":1,"8":1,"9":1,"10":1,"11":1,"12":2,"13":2,"14":2,"15":1,"16":1,"17":1,"18":2,"19":2,"20":2,"21":1,"22":1,"23":2,"24":2,"25":2,"26":1,"27":1,"28":0,"29":0,"30":0,"31":0,"32":0,"33":0,"34":0,"35":2,"36":2,"37":2,"38":2,"39":2,"40":1,"41":1,"42":1,"43":1,"44":1,"45":1,"46":0,"47":4},"f":{"0":2,"1":2,"2":2,"3":2,"4":0,"5":2,"6":1},"b":{"0":[1,1],"1":[2,2]},"_coverageSchema":"1a1c01bbd47fc00a2c39e90264f33305004495a9","hash":"b146485855338c3caefc2f99457b80e46d6c5a81"}
,"/Users/sangga/Documents/Non kuliah/SE Fellowship/Hacktiv8/Phase3/week-4/server/controllers/userController.js": {"path":"/Users/sangga/Documents/Non kuliah/SE Fellowship/Hacktiv8/Phase3/week-4/server/controllers/userController.js","statementMap":{"0":{"start":{"line":1,"column":15},"end":{"line":1,"column":35}},"1":{"start":{"line":2,"column":28},"end":{"line":2,"column":58}},"2":{"start":{"line":3,"column":26},"end":{"line":3,"column":51}},"3":{"start":{"line":7,"column":52},"end":{"line":7,"column":60}},"4":{"start":{"line":9,"column":8},"end":{"line":16,"column":9}},"5":{"start":{"line":10,"column":27},"end":{"line":10,"column":29}},"6":{"start":{"line":11,"column":12},"end":{"line":11,"column":65}},"7":{"start":{"line":12,"column":15},"end":{"line":16,"column":9}},"8":{"start":{"line":13,"column":29},"end":{"line":13,"column":47}},"9":{"start":{"line":14,"column":29},"end":{"line":14,"column":30}},"10":{"start":{"line":15,"column":12},"end":{"line":15,"column":77}},"11":{"start":{"line":18,"column":8},"end":{"line":24,"column":10}},"12":{"start":{"line":20,"column":12},"end":{"line":20,"column":49}},"13":{"start":{"line":23,"column":12},"end":{"line":23,"column":67}},"14":{"start":{"line":28,"column":46},"end":{"line":28,"column":54}},"15":{"start":{"line":29,"column":24},"end":{"line":29,"column":53}},"16":{"start":{"line":30,"column":8},"end":{"line":47,"column":10}},"17":{"start":{"line":32,"column":12},"end":{"line":39,"column":13}},"18":{"start":{"line":33,"column":16},"end":{"line":33,"column":63}},"19":{"start":{"line":34,"column":19},"end":{"line":39,"column":13}},"20":{"start":{"line":35,"column":37},"end":{"line":35,"column":105}},"21":{"start":{"line":36,"column":16},"end":{"line":36,"column":73}},"22":{"start":{"line":38,"column":16},"end":{"line":38,"column":70}},"23":{"start":{"line":42,"column":12},"end":{"line":46,"column":13}},"24":{"start":{"line":43,"column":16},"end":{"line":43,"column":71}},"25":{"start":{"line":45,"column":16},"end":{"line":45,"column":71}},"26":{"start":{"line":51,"column":8},"end":{"line":57,"column":10}},"27":{"start":{"line":53,"column":12},"end":{"line":53,"column":42}},"28":{"start":{"line":56,"column":12},"end":{"line":56,"column":67}},"29":{"start":{"line":62,"column":8},"end":{"line":62,"column":41}},"30":{"start":{"line":66,"column":0},"end":{"line":66,"column":31}}},"fnMap":{"0":{"name":"(anonymous_0)","decl":{"start":{"line":6,"column":4},"end":{"line":6,"column":5}},"loc":{"start":{"line":6,"column":36},"end":{"line":25,"column":5}},"line":6},"1":{"name":"(anonymous_1)","decl":{"start":{"line":19,"column":14},"end":{"line":19,"column":15}},"loc":{"start":{"line":19,"column":26},"end":{"line":21,"column":9}},"line":19},"2":{"name":"(anonymous_2)","decl":{"start":{"line":22,"column":15},"end":{"line":22,"column":16}},"loc":{"start":{"line":22,"column":24},"end":{"line":24,"column":9}},"line":22},"3":{"name":"(anonymous_3)","decl":{"start":{"line":27,"column":4},"end":{"line":27,"column":5}},"loc":{"start":{"line":27,"column":33},"end":{"line":48,"column":5}},"line":27},"4":{"name":"(anonymous_4)","decl":{"start":{"line":31,"column":14},"end":{"line":31,"column":15}},"loc":{"start":{"line":31,"column":26},"end":{"line":40,"column":9}},"line":31},"5":{"name":"(anonymous_5)","decl":{"start":{"line":41,"column":15},"end":{"line":41,"column":16}},"loc":{"start":{"line":41,"column":24},"end":{"line":47,"column":9}},"line":41},"6":{"name":"(anonymous_6)","decl":{"start":{"line":50,"column":4},"end":{"line":50,"column":5}},"loc":{"start":{"line":50,"column":35},"end":{"line":59,"column":5}},"line":50},"7":{"name":"(anonymous_7)","decl":{"start":{"line":52,"column":14},"end":{"line":52,"column":15}},"loc":{"start":{"line":52,"column":26},"end":{"line":54,"column":9}},"line":52},"8":{"name":"(anonymous_8)","decl":{"start":{"line":55,"column":15},"end":{"line":55,"column":16}},"loc":{"start":{"line":55,"column":24},"end":{"line":57,"column":9}},"line":55},"9":{"name":"(anonymous_9)","decl":{"start":{"line":61,"column":4},"end":{"line":61,"column":5}},"loc":{"start":{"line":61,"column":39},"end":{"line":63,"column":5}},"line":61}},"branchMap":{"0":{"loc":{"start":{"line":9,"column":8},"end":{"line":16,"column":9}},"type":"if","locations":[{"start":{"line":9,"column":8},"end":{"line":16,"column":9}},{"start":{"line":9,"column":8},"end":{"line":16,"column":9}}],"line":9},"1":{"loc":{"start":{"line":12,"column":15},"end":{"line":16,"column":9}},"type":"if","locations":[{"start":{"line":12,"column":15},"end":{"line":16,"column":9}},{"start":{"line":12,"column":15},"end":{"line":16,"column":9}}],"line":12},"2":{"loc":{"start":{"line":32,"column":12},"end":{"line":39,"column":13}},"type":"if","locations":[{"start":{"line":32,"column":12},"end":{"line":39,"column":13}},{"start":{"line":32,"column":12},"end":{"line":39,"column":13}}],"line":32},"3":{"loc":{"start":{"line":34,"column":19},"end":{"line":39,"column":13}},"type":"if","locations":[{"start":{"line":34,"column":19},"end":{"line":39,"column":13}},{"start":{"line":34,"column":19},"end":{"line":39,"column":13}}],"line":34},"4":{"loc":{"start":{"line":42,"column":12},"end":{"line":46,"column":13}},"type":"if","locations":[{"start":{"line":42,"column":12},"end":{"line":46,"column":13}},{"start":{"line":42,"column":12},"end":{"line":46,"column":13}}],"line":42},"5":{"loc":{"start":{"line":42,"column":16},"end":{"line":42,"column":97}},"type":"binary-expr","locations":[{"start":{"line":42,"column":16},"end":{"line":42,"column":51}},{"start":{"line":42,"column":55},"end":{"line":42,"column":97}}],"line":42}},"s":{"0":4,"1":4,"2":4,"3":1,"4":1,"5":1,"6":1,"7":0,"8":0,"9":0,"10":0,"11":1,"12":1,"13":0,"14":1,"15":1,"16":1,"17":1,"18":0,"19":1,"20":1,"21":1,"22":0,"23":0,"24":0,"25":0,"26":0,"27":0,"28":0,"29":0,"30":4},"f":{"0":1,"1":1,"2":0,"3":1,"4":1,"5":0,"6":0,"7":0,"8":0,"9":0},"b":{"0":[1,0],"1":[0,0],"2":[0,1],"3":[1,0],"4":[0,0],"5":[0,0]},"_coverageSchema":"1a1c01bbd47fc00a2c39e90264f33305004495a9","hash":"c86656b01cb59e4ed431ec5207af141084fe7e07"}
,"/Users/sangga/Documents/Non kuliah/SE Fellowship/Hacktiv8/Phase3/week-4/server/helpers/jwt.js": {"path":"/Users/sangga/Documents/Non kuliah/SE Fellowship/Hacktiv8/Phase3/week-4/server/helpers/jwt.js","statementMap":{"0":{"start":{"line":1,"column":12},"end":{"line":1,"column":35}},"1":{"start":{"line":4,"column":4},"end":{"line":4,"column":48}},"2":{"start":{"line":8,"column":4},"end":{"line":8,"column":48}},"3":{"start":{"line":11,"column":0},"end":{"line":13,"column":1}}},"fnMap":{"0":{"name":"generateToken","decl":{"start":{"line":3,"column":9},"end":{"line":3,"column":22}},"loc":{"start":{"line":3,"column":32},"end":{"line":5,"column":1}},"line":3},"1":{"name":"verifyToken","decl":{"start":{"line":7,"column":9},"end":{"line":7,"column":20}},"loc":{"start":{"line":7,"column":29},"end":{"line":9,"column":1}},"line":7}},"branchMap":{},"s":{"0":4,"1":5,"2":69,"3":4},"f":{"0":5,"1":69},"b":{},"_coverageSchema":"1a1c01bbd47fc00a2c39e90264f33305004495a9","hash":"eeafe526c581d5ffb8e5aefc7c024e5e5361ec22"}
,"/Users/sangga/Documents/Non kuliah/SE Fellowship/Hacktiv8/Phase3/week-4/server/helpers/password.js": {"path":"/Users/sangga/Documents/Non kuliah/SE Fellowship/Hacktiv8/Phase3/week-4/server/helpers/password.js","statementMap":{"0":{"start":{"line":1,"column":15},"end":{"line":1,"column":34}},"1":{"start":{"line":4,"column":14},"end":{"line":4,"column":35}},"2":{"start":{"line":5,"column":24},"end":{"line":5,"column":50}},"3":{"start":{"line":6,"column":1},"end":{"line":6,"column":22}},"4":{"start":{"line":10,"column":4},"end":{"line":10,"column":42}},"5":{"start":{"line":13,"column":0},"end":{"line":15,"column":1}}},"fnMap":{"0":{"name":"hashPassword","decl":{"start":{"line":3,"column":9},"end":{"line":3,"column":21}},"loc":{"start":{"line":3,"column":28},"end":{"line":7,"column":1}},"line":3},"1":{"name":"comparePassword","decl":{"start":{"line":9,"column":9},"end":{"line":9,"column":24}},"loc":{"start":{"line":9,"column":39},"end":{"line":11,"column":1}},"line":9}},"branchMap":{},"s":{"0":4,"1":6,"2":6,"3":6,"4":1,"5":4},"f":{"0":6,"1":1},"b":{},"_coverageSchema":"1a1c01bbd47fc00a2c39e90264f33305004495a9","hash":"1db14e46d9f0e5eb252f04e4e51370f944d04e1a"}
,"/Users/sangga/Documents/Non kuliah/SE Fellowship/Hacktiv8/Phase3/week-4/server/middlewares/authentication.js": {"path":"/Users/sangga/Documents/Non kuliah/SE Fellowship/Hacktiv8/Phase3/week-4/server/middlewares/authentication.js","statementMap":{"0":{"start":{"line":1,"column":11},"end":{"line":1,"column":37}},"1":{"start":{"line":2,"column":13},"end":{"line":2,"column":35}},"2":{"start":{"line":3,"column":24},"end":{"line":3,"column":49}},"3":{"start":{"line":4,"column":21},"end":{"line":4,"column":39}},"4":{"start":{"line":6,"column":0},"end":{"line":24,"column":1}},"5":{"start":{"line":7,"column":4},"end":{"line":23,"column":5}},"6":{"start":{"line":8,"column":33},"end":{"line":8,"column":44}},"7":{"start":{"line":9,"column":8},"end":{"line":20,"column":9}},"8":{"start":{"line":10,"column":12},"end":{"line":10,"column":42}},"9":{"start":{"line":11,"column":12},"end":{"line":11,"column":68}},"10":{"start":{"line":13,"column":28},"end":{"line":13,"column":53}},"11":{"start":{"line":14,"column":25},"end":{"line":14,"column":80}},"12":{"start":{"line":15,"column":12},"end":{"line":19,"column":13}},"13":{"start":{"line":16,"column":16},"end":{"line":16,"column":22}},"14":{"start":{"line":18,"column":16},"end":{"line":18,"column":72}},"15":{"start":{"line":22,"column":8},"end":{"line":22,"column":19}}},"fnMap":{"0":{"name":"(anonymous_0)","decl":{"start":{"line":6,"column":17},"end":{"line":6,"column":18}},"loc":{"start":{"line":6,"column":42},"end":{"line":24,"column":1}},"line":6}},"branchMap":{"0":{"loc":{"start":{"line":9,"column":8},"end":{"line":20,"column":9}},"type":"if","locations":[{"start":{"line":9,"column":8},"end":{"line":20,"column":9}},{"start":{"line":9,"column":8},"end":{"line":20,"column":9}}],"line":9},"1":{"loc":{"start":{"line":15,"column":12},"end":{"line":19,"column":13}},"type":"if","locations":[{"start":{"line":15,"column":12},"end":{"line":19,"column":13}},{"start":{"line":15,"column":12},"end":{"line":19,"column":13}}],"line":15}},"s":{"0":4,"1":4,"2":4,"3":4,"4":4,"5":69,"6":69,"7":69,"8":0,"9":0,"10":69,"11":68,"12":68,"13":68,"14":0,"15":1},"f":{"0":69},"b":{"0":[0,69],"1":[68,0]},"_coverageSchema":"1a1c01bbd47fc00a2c39e90264f33305004495a9","hash":"bb1f4ac53588f2a144b78f73d507f8539f80aa60"}
,"/Users/sangga/Documents/Non kuliah/SE Fellowship/Hacktiv8/Phase3/week-4/server/models/booking.js": {"path":"/Users/sangga/Documents/Non kuliah/SE Fellowship/Hacktiv8/Phase3/week-4/server/models/booking.js","statementMap":{"0":{"start":{"line":1,"column":11},"end":{"line":1,"column":37}},"1":{"start":{"line":2,"column":16},"end":{"line":2,"column":41}},"2":{"start":{"line":3,"column":21},"end":{"line":3,"column":39}},"3":{"start":{"line":7,"column":4},"end":{"line":7,"column":38}},"4":{"start":{"line":10,"column":4},"end":{"line":10,"column":36}},"5":{"start":{"line":14,"column":4},"end":{"line":14,"column":48}},"6":{"start":{"line":18,"column":4},"end":{"line":18,"column":40}},"7":{"start":{"line":19,"column":4},"end":{"line":19,"column":70}},"8":{"start":{"line":23,"column":4},"end":{"line":23,"column":63}},"9":{"start":{"line":27,"column":4},"end":{"line":27,"column":59}},"10":{"start":{"line":31,"column":4},"end":{"line":31,"column":31}},"11":{"start":{"line":32,"column":4},"end":{"line":32,"column":40}},"12":{"start":{"line":33,"column":4},"end":{"line":37,"column":6}},"13":{"start":{"line":41,"column":0},"end":{"line":41,"column":25}}},"fnMap":{"0":{"name":"(anonymous_0)","decl":{"start":{"line":6,"column":2},"end":{"line":6,"column":3}},"loc":{"start":{"line":6,"column":25},"end":{"line":8,"column":3}},"line":6},"1":{"name":"(anonymous_1)","decl":{"start":{"line":9,"column":2},"end":{"line":9,"column":3}},"loc":{"start":{"line":9,"column":19},"end":{"line":11,"column":3}},"line":9},"2":{"name":"(anonymous_2)","decl":{"start":{"line":13,"column":2},"end":{"line":13,"column":3}},"loc":{"start":{"line":13,"column":21},"end":{"line":15,"column":3}},"line":13},"3":{"name":"(anonymous_3)","decl":{"start":{"line":17,"column":2},"end":{"line":17,"column":3}},"loc":{"start":{"line":17,"column":25},"end":{"line":20,"column":3}},"line":17},"4":{"name":"(anonymous_4)","decl":{"start":{"line":22,"column":2},"end":{"line":22,"column":3}},"loc":{"start":{"line":22,"column":26},"end":{"line":24,"column":3}},"line":22},"5":{"name":"(anonymous_5)","decl":{"start":{"line":26,"column":2},"end":{"line":26,"column":3}},"loc":{"start":{"line":26,"column":21},"end":{"line":28,"column":3}},"line":26},"6":{"name":"(anonymous_6)","decl":{"start":{"line":30,"column":2},"end":{"line":30,"column":3}},"loc":{"start":{"line":30,"column":29},"end":{"line":38,"column":3}},"line":30}},"branchMap":{},"s":{"0":4,"1":4,"2":4,"3":1,"4":1,"5":2,"6":2,"7":2,"8":2,"9":2,"10":2,"11":2,"12":2,"13":4},"f":{"0":1,"1":1,"2":2,"3":2,"4":2,"5":2,"6":2},"b":{},"_coverageSchema":"1a1c01bbd47fc00a2c39e90264f33305004495a9","hash":"e99b6069ba05d914562515dceddc56d7455089d7"}
,"/Users/sangga/Documents/Non kuliah/SE Fellowship/Hacktiv8/Phase3/week-4/server/models/court.js": {"path":"/Users/sangga/Documents/Non kuliah/SE Fellowship/Hacktiv8/Phase3/week-4/server/models/court.js","statementMap":{"0":{"start":{"line":1,"column":11},"end":{"line":1,"column":37}},"1":{"start":{"line":2,"column":14},"end":{"line":2,"column":37}},"2":{"start":{"line":3,"column":21},"end":{"line":3,"column":39}},"3":{"start":{"line":7,"column":4},"end":{"line":7,"column":36}},"4":{"start":{"line":10,"column":4},"end":{"line":10,"column":34}},"5":{"start":{"line":14,"column":4},"end":{"line":14,"column":48}},"6":{"start":{"line":18,"column":4},"end":{"line":18,"column":57}},"7":{"start":{"line":22,"column":4},"end":{"line":26,"column":6}},"8":{"start":{"line":30,"column":0},"end":{"line":30,"column":23}}},"fnMap":{"0":{"name":"(anonymous_0)","decl":{"start":{"line":6,"column":2},"end":{"line":6,"column":3}},"loc":{"start":{"line":6,"column":25},"end":{"line":8,"column":3}},"line":6},"1":{"name":"(anonymous_1)","decl":{"start":{"line":9,"column":2},"end":{"line":9,"column":3}},"loc":{"start":{"line":9,"column":19},"end":{"line":11,"column":3}},"line":9},"2":{"name":"(anonymous_2)","decl":{"start":{"line":13,"column":2},"end":{"line":13,"column":3}},"loc":{"start":{"line":13,"column":21},"end":{"line":15,"column":3}},"line":13},"3":{"name":"(anonymous_3)","decl":{"start":{"line":17,"column":2},"end":{"line":17,"column":3}},"loc":{"start":{"line":17,"column":21},"end":{"line":19,"column":3}},"line":17},"4":{"name":"(anonymous_4)","decl":{"start":{"line":21,"column":2},"end":{"line":21,"column":3}},"loc":{"start":{"line":21,"column":29},"end":{"line":27,"column":3}},"line":21}},"branchMap":{},"s":{"0":4,"1":4,"2":4,"3":1,"4":1,"5":2,"6":2,"7":2,"8":4},"f":{"0":1,"1":1,"2":2,"3":2,"4":2},"b":{},"_coverageSchema":"1a1c01bbd47fc00a2c39e90264f33305004495a9","hash":"f719aa1e4532678d6f2d22c61a0e1649138887dd"}
,"/Users/sangga/Documents/Non kuliah/SE Fellowship/Hacktiv8/Phase3/week-4/server/models/index.js": {"path":"/Users/sangga/Documents/Non kuliah/SE Fellowship/Hacktiv8/Phase3/week-4/server/models/index.js","statementMap":{"0":{"start":{"line":1,"column":13},"end":{"line":1,"column":30}},"1":{"start":{"line":2,"column":14},"end":{"line":2,"column":32}},"2":{"start":{"line":3,"column":16},"end":{"line":3,"column":36}},"3":{"start":{"line":4,"column":16},"end":{"line":4,"column":36}},"4":{"start":{"line":6,"column":0},"end":{"line":6,"column":51}}},"fnMap":{},"branchMap":{},"s":{"0":4,"1":4,"2":4,"3":4,"4":4},"f":{},"b":{},"_coverageSchema":"1a1c01bbd47fc00a2c39e90264f33305004495a9","hash":"56aeb9513ee7d90b9bdff074266d644809a96091"}
,"/Users/sangga/Documents/Non kuliah/SE Fellowship/Hacktiv8/Phase3/week-4/server/models/request.js": {"path":"/Users/sangga/Documents/Non kuliah/SE Fellowship/Hacktiv8/Phase3/week-4/server/models/request.js","statementMap":{"0":{"start":{"line":1,"column":11},"end":{"line":1,"column":37}},"1":{"start":{"line":2,"column":16},"end":{"line":2,"column":40}},"2":{"start":{"line":3,"column":21},"end":{"line":3,"column":39}},"3":{"start":{"line":7,"column":4},"end":{"line":7,"column":38}},"4":{"start":{"line":10,"column":4},"end":{"line":15,"column":17}},"5":{"start":{"line":19,"column":4},"end":{"line":23,"column":17}},"6":{"start":{"line":27,"column":4},"end":{"line":27,"column":50}},"7":{"start":{"line":31,"column":4},"end":{"line":31,"column":59}},"8":{"start":{"line":35,"column":4},"end":{"line":39,"column":6}},"9":{"start":{"line":43,"column":0},"end":{"line":43,"column":25}}},"fnMap":{"0":{"name":"(anonymous_0)","decl":{"start":{"line":6,"column":2},"end":{"line":6,"column":3}},"loc":{"start":{"line":6,"column":25},"end":{"line":8,"column":3}},"line":6},"1":{"name":"(anonymous_1)","decl":{"start":{"line":9,"column":2},"end":{"line":9,"column":3}},"loc":{"start":{"line":9,"column":29},"end":{"line":16,"column":3}},"line":9},"2":{"name":"(anonymous_2)","decl":{"start":{"line":18,"column":2},"end":{"line":18,"column":3}},"loc":{"start":{"line":18,"column":33},"end":{"line":24,"column":3}},"line":18},"3":{"name":"(anonymous_3)","decl":{"start":{"line":26,"column":2},"end":{"line":26,"column":3}},"loc":{"start":{"line":26,"column":21},"end":{"line":28,"column":3}},"line":26},"4":{"name":"(anonymous_4)","decl":{"start":{"line":30,"column":2},"end":{"line":30,"column":3}},"loc":{"start":{"line":30,"column":21},"end":{"line":32,"column":3}},"line":30},"5":{"name":"(anonymous_5)","decl":{"start":{"line":34,"column":2},"end":{"line":34,"column":3}},"loc":{"start":{"line":34,"column":29},"end":{"line":40,"column":3}},"line":34}},"branchMap":{},"s":{"0":4,"1":4,"2":4,"3":1,"4":2,"5":2,"6":2,"7":1,"8":2,"9":4},"f":{"0":1,"1":2,"2":2,"3":2,"4":1,"5":2},"b":{},"_coverageSchema":"1a1c01bbd47fc00a2c39e90264f33305004495a9","hash":"81fa97b94b5d03b2fce6095f58ff875781c59220"}
,"/Users/sangga/Documents/Non kuliah/SE Fellowship/Hacktiv8/Phase3/week-4/server/models/user.js": {"path":"/Users/sangga/Documents/Non kuliah/SE Fellowship/Hacktiv8/Phase3/week-4/server/models/user.js","statementMap":{"0":{"start":{"line":1,"column":11},"end":{"line":1,"column":37}},"1":{"start":{"line":2,"column":13},"end":{"line":2,"column":35}},"2":{"start":{"line":3,"column":25},"end":{"line":3,"column":55}},"3":{"start":{"line":7,"column":8},"end":{"line":7,"column":57}},"4":{"start":{"line":8,"column":8},"end":{"line":8,"column":38}},"5":{"start":{"line":12,"column":8},"end":{"line":14,"column":59}},"6":{"start":{"line":18,"column":8},"end":{"line":18,"column":37}},"7":{"start":{"line":23,"column":0},"end":{"line":23,"column":26}}},"fnMap":{"0":{"name":"(anonymous_0)","decl":{"start":{"line":6,"column":4},"end":{"line":6,"column":5}},"loc":{"start":{"line":6,"column":28},"end":{"line":9,"column":5}},"line":6},"1":{"name":"(anonymous_1)","decl":{"start":{"line":11,"column":4},"end":{"line":11,"column":5}},"loc":{"start":{"line":11,"column":25},"end":{"line":15,"column":5}},"line":11},"2":{"name":"(anonymous_2)","decl":{"start":{"line":17,"column":4},"end":{"line":17,"column":5}},"loc":{"start":{"line":17,"column":20},"end":{"line":19,"column":5}},"line":17}},"branchMap":{},"s":{"0":4,"1":4,"2":4,"3":1,"4":1,"5":1,"6":0,"7":4},"f":{"0":1,"1":1,"2":0},"b":{},"_coverageSchema":"1a1c01bbd47fc00a2c39e90264f33305004495a9","hash":"81f0e2a301892bfd9966d9fe982893b0ccfbdc18"}
,"/Users/sangga/Documents/Non kuliah/SE Fellowship/Hacktiv8/Phase3/week-4/server/routes/booking.js": {"path":"/Users/sangga/Documents/Non kuliah/SE Fellowship/Hacktiv8/Phase3/week-4/server/routes/booking.js","statementMap":{"0":{"start":{"line":1,"column":26},"end":{"line":1,"column":69}},"1":{"start":{"line":2,"column":15},"end":{"line":2,"column":42}},"2":{"start":{"line":3,"column":23},"end":{"line":3,"column":63}},"3":{"start":{"line":5,"column":0},"end":{"line":5,"column":26}},"4":{"start":{"line":6,"column":0},"end":{"line":6,"column":43}},"5":{"start":{"line":7,"column":0},"end":{"line":7,"column":46}},"6":{"start":{"line":8,"column":0},"end":{"line":8,"column":61}},"7":{"start":{"line":9,"column":0},"end":{"line":9,"column":64}},"8":{"start":{"line":10,"column":0},"end":{"line":10,"column":45}},"9":{"start":{"line":11,"column":0},"end":{"line":11,"column":49}},"10":{"start":{"line":12,"column":0},"end":{"line":12,"column":43}},"11":{"start":{"line":13,"column":0},"end":{"line":13,"column":54}},"12":{"start":{"line":15,"column":0},"end":{"line":15,"column":24}}},"fnMap":{},"branchMap":{},"s":{"0":4,"1":4,"2":4,"3":4,"4":4,"5":4,"6":4,"7":4,"8":4,"9":4,"10":4,"11":4,"12":4},"f":{},"b":{},"_coverageSchema":"1a1c01bbd47fc00a2c39e90264f33305004495a9","hash":"282e328a7fcbb6e75d7afbb2f42cf0e75e814545"}
,"/Users/sangga/Documents/Non kuliah/SE Fellowship/Hacktiv8/Phase3/week-4/server/routes/court.js": {"path":"/Users/sangga/Documents/Non kuliah/SE Fellowship/Hacktiv8/Phase3/week-4/server/routes/court.js","statementMap":{"0":{"start":{"line":1,"column":15},"end":{"line":1,"column":42}},"1":{"start":{"line":2,"column":24},"end":{"line":2,"column":65}},"2":{"start":{"line":3,"column":23},"end":{"line":3,"column":63}},"3":{"start":{"line":4,"column":15},"end":{"line":4,"column":42}},"4":{"start":{"line":5,"column":15},"end":{"line":5,"column":45}},"5":{"start":{"line":7,"column":0},"end":{"line":7,"column":26}},"6":{"start":{"line":8,"column":0},"end":{"line":8,"column":41}},"7":{"start":{"line":9,"column":0},"end":{"line":9,"column":43}},"8":{"start":{"line":10,"column":0},"end":{"line":10,"column":43}},"9":{"start":{"line":11,"column":0},"end":{"line":11,"column":47}},"10":{"start":{"line":12,"column":0},"end":{"line":12,"column":40}},"11":{"start":{"line":14,"column":0},"end":{"line":14,"column":24}}},"fnMap":{},"branchMap":{},"s":{"0":4,"1":4,"2":4,"3":4,"4":4,"5":4,"6":4,"7":4,"8":4,"9":4,"10":4,"11":4},"f":{},"b":{},"_coverageSchema":"1a1c01bbd47fc00a2c39e90264f33305004495a9","hash":"2e5c8c3a473bf94fcfc39f40697080021b699abc"}
,"/Users/sangga/Documents/Non kuliah/SE Fellowship/Hacktiv8/Phase3/week-4/server/routes/index.js": {"path":"/Users/sangga/Documents/Non kuliah/SE Fellowship/Hacktiv8/Phase3/week-4/server/routes/index.js","statementMap":{"0":{"start":{"line":1,"column":15},"end":{"line":1,"column":42}},"1":{"start":{"line":3,"column":19},"end":{"line":3,"column":36}},"2":{"start":{"line":4,"column":20},"end":{"line":4,"column":38}},"3":{"start":{"line":5,"column":22},"end":{"line":5,"column":42}},"4":{"start":{"line":6,"column":22},"end":{"line":6,"column":42}},"5":{"start":{"line":8,"column":0},"end":{"line":8,"column":28}},"6":{"start":{"line":9,"column":0},"end":{"line":9,"column":34}},"7":{"start":{"line":10,"column":0},"end":{"line":10,"column":38}},"8":{"start":{"line":11,"column":0},"end":{"line":11,"column":38}},"9":{"start":{"line":13,"column":0},"end":{"line":13,"column":24}}},"fnMap":{},"branchMap":{},"s":{"0":4,"1":4,"2":4,"3":4,"4":4,"5":4,"6":4,"7":4,"8":4,"9":4},"f":{},"b":{},"_coverageSchema":"1a1c01bbd47fc00a2c39e90264f33305004495a9","hash":"b25ead4ead446680e09c932788887f2a510675e8"}
,"/Users/sangga/Documents/Non kuliah/SE Fellowship/Hacktiv8/Phase3/week-4/server/routes/request.js": {"path":"/Users/sangga/Documents/Non kuliah/SE Fellowship/Hacktiv8/Phase3/week-4/server/routes/request.js","statementMap":{"0":{"start":{"line":1,"column":26},"end":{"line":1,"column":69}},"1":{"start":{"line":2,"column":15},"end":{"line":2,"column":42}},"2":{"start":{"line":3,"column":23},"end":{"line":3,"column":63}},"3":{"start":{"line":5,"column":0},"end":{"line":5,"column":27}},"4":{"start":{"line":6,"column":0},"end":{"line":6,"column":43}},"5":{"start":{"line":7,"column":0},"end":{"line":7,"column":59}},"6":{"start":{"line":8,"column":0},"end":{"line":8,"column":67}},"7":{"start":{"line":9,"column":0},"end":{"line":9,"column":46}},"8":{"start":{"line":10,"column":0},"end":{"line":10,"column":45}},"9":{"start":{"line":11,"column":0},"end":{"line":11,"column":53}},"10":{"start":{"line":12,"column":0},"end":{"line":12,"column":49}},"11":{"start":{"line":14,"column":0},"end":{"line":14,"column":24}}},"fnMap":{},"branchMap":{},"s":{"0":4,"1":4,"2":4,"3":4,"4":4,"5":4,"6":4,"7":4,"8":4,"9":4,"10":4,"11":4},"f":{},"b":{},"_coverageSchema":"1a1c01bbd47fc00a2c39e90264f33305004495a9","hash":"03ebdb8001cbfec17e28528fdf04e58a780afb36"}
,"/Users/sangga/Documents/Non kuliah/SE Fellowship/Hacktiv8/Phase3/week-4/server/routes/user.js": {"path":"/Users/sangga/Documents/Non kuliah/SE Fellowship/Hacktiv8/Phase3/week-4/server/routes/user.js","statementMap":{"0":{"start":{"line":1,"column":15},"end":{"line":1,"column":42}},"1":{"start":{"line":2,"column":23},"end":{"line":2,"column":63}},"2":{"start":{"line":3,"column":23},"end":{"line":3,"column":63}},"3":{"start":{"line":5,"column":0},"end":{"line":5,"column":49}},"4":{"start":{"line":6,"column":0},"end":{"line":6,"column":43}},"5":{"start":{"line":7,"column":0},"end":{"line":7,"column":26}},"6":{"start":{"line":8,"column":0},"end":{"line":8,"column":44}},"7":{"start":{"line":11,"column":0},"end":{"line":11,"column":23}}},"fnMap":{},"branchMap":{},"s":{"0":4,"1":4,"2":4,"3":4,"4":4,"5":4,"6":4,"7":4},"f":{},"b":{},"_coverageSchema":"1a1c01bbd47fc00a2c39e90264f33305004495a9","hash":"98b1ac6719ad4d4869b105eeac962268272e5a20"}
}
