TN:
SF:app.js
FNF:0
FNH:0
DA:1,4
DA:2,4
DA:3,4
DA:4,4
DA:5,4
DA:7,4
DA:8,4
DA:10,4
DA:19,4
LF:9
LH:9
BRDA:1,0,0,4
BRDA:1,0,1,0
BRDA:4,1,0,4
BRDA:4,1,1,4
BRF:4
BRH:3
end_of_record
TN:
SF:config/imgur.js
FNF:0
FNH:0
DA:1,4
DA:2,4
DA:4,4
LF:3
LH:3
BRF:0
BRH:0
end_of_record
TN:
SF:config/mongo.js
FNF:0
FNH:0
DA:1,4
DA:2,4
DA:3,4
DA:4,4
DA:5,4
DA:7,4
DA:9,4
LF:7
LH:7
BRF:0
BRH:0
end_of_record
TN:
SF:config/multer.js
FNF:0
FNH:0
DA:1,4
DA:3,4
LF:2
LH:2
BRF:0
BRH:0
end_of_record
TN:
SF:controllers/bookingController.js
FN:4,(anonymous_0)
FN:29,(anonymous_1)
FN:54,(anonymous_2)
FN:66,(anonymous_3)
FN:75,(anonymous_4)
FN:85,(anonymous_5)
FN:95,(anonymous_6)
FN:105,(anonymous_7)
FNF:8
FNH:8
FNDA:2,(anonymous_0)
FNDA:2,(anonymous_1)
FNDA:1,(anonymous_2)
FNDA:1,(anonymous_3)
FNDA:2,(anonymous_4)
FNDA:2,(anonymous_5)
FNDA:2,(anonymous_6)
FNDA:2,(anonymous_7)
DA:1,4
DA:5,2
DA:6,2
DA:14,2
DA:16,2
DA:17,2
DA:18,1
DA:23,1
DA:24,1
DA:26,1
DA:30,2
DA:31,2
DA:32,2
DA:40,2
DA:41,2
DA:42,1
DA:47,1
DA:48,1
DA:50,1
DA:55,1
DA:56,1
DA:57,1
DA:58,1
DA:60,1
DA:61,1
DA:62,1
DA:63,1
DA:67,1
DA:68,1
DA:69,1
DA:71,0
DA:76,2
DA:77,2
DA:78,2
DA:79,1
DA:81,1
DA:86,2
DA:87,2
DA:88,2
DA:89,1
DA:91,1
DA:96,2
DA:98,2
DA:99,2
DA:100,1
DA:102,1
DA:106,2
DA:108,2
DA:109,2
DA:110,1
DA:112,1
DA:117,4
LF:52
LH:51
BRDA:17,0,0,1
BRDA:17,0,1,1
BRDA:17,1,0,2
BRDA:17,1,1,2
BRDA:41,2,0,1
BRDA:41,2,1,1
BRDA:41,3,0,2
BRDA:41,3,1,2
BRF:8
BRH:8
end_of_record
TN:
SF:controllers/courtController.js
FN:8,(anonymous_0)
FN:70,(anonymous_1)
FN:79,(anonymous_2)
FN:90,(anonymous_3)
FN:101,(anonymous_4)
FN:142,(anonymous_5)
FNF:6
FNH:6
FNDA:2,(anonymous_0)
FNDA:1,(anonymous_1)
FNDA:3,(anonymous_2)
FNDA:1,(anonymous_3)
FNDA:2,(anonymous_4)
FNDA:2,(anonymous_5)
DA:1,4
DA:2,4
DA:3,4
DA:4,4
DA:5,4
DA:9,2
DA:19,2
DA:20,2
DA:21,1
DA:26,1
DA:36,0
DA:45,0
DA:48,0
DA:49,0
DA:52,0
DA:53,0
DA:57,0
DA:58,0
DA:60,0
DA:63,2
DA:64,1
DA:66,2
DA:71,1
DA:72,1
DA:73,1
DA:75,0
DA:80,3
DA:82,3
DA:83,3
DA:84,1
DA:86,2
DA:91,1
DA:93,1
DA:94,1
DA:95,1
DA:97,0
DA:102,2
DA:112,2
DA:113,2
DA:114,2
DA:124,2
DA:127,2
DA:128,2
DA:132,2
DA:133,1
DA:135,0
DA:138,1
DA:143,2
DA:145,2
DA:146,2
DA:147,1
DA:149,1
DA:154,4
LF:53
LH:41
BRDA:20,0,0,1
BRDA:20,0,1,1
BRDA:20,1,0,2
BRDA:20,1,1,1
BRDA:52,2,0,0
BRDA:52,2,1,0
BRDA:63,3,0,1
BRDA:63,3,1,1
BRDA:127,4,0,2
BRDA:127,4,1,0
BRF:10
BRH:7
end_of_record
TN:
SF:controllers/requestController.js
FN:5,(anonymous_0)
FN:29,(anonymous_1)
FN:40,(anonymous_2)
FN:50,(anonymous_3)
FN:61,(anonymous_4)
FN:79,(anonymous_5)
FN:95,(anonymous_6)
FNF:7
FNH:6
FNDA:2,(anonymous_0)
FNDA:2,(anonymous_1)
FNDA:2,(anonymous_2)
FNDA:2,(anonymous_3)
FNDA:0,(anonymous_4)
FNDA:2,(anonymous_5)
FNDA:1,(anonymous_6)
DA:1,4
DA:2,4
DA:6,2
DA:7,2
DA:8,2
DA:14,2
DA:15,2
DA:16,1
DA:20,1
DA:21,1
DA:22,1
DA:23,1
DA:25,1
DA:30,2
DA:31,2
DA:32,2
DA:33,1
DA:34,1
DA:36,1
DA:41,2
DA:42,2
DA:43,2
DA:44,1
DA:46,1
DA:51,2
DA:53,2
DA:54,2
DA:55,1
DA:57,1
DA:62,0
DA:63,0
DA:64,0
DA:70,0
DA:71,0
DA:72,0
DA:73,0
DA:75,0
DA:80,2
DA:81,2
DA:82,2
DA:86,2
DA:87,2
DA:88,1
DA:89,1
DA:91,1
DA:96,1
DA:98,1
DA:99,1
DA:100,1
DA:102,0
DA:107,4
LF:51
LH:42
BRDA:15,0,0,1
BRDA:15,0,1,1
BRDA:15,1,0,2
BRDA:15,1,1,2
BRF:4
BRH:4
end_of_record
TN:
SF:controllers/userController.js
FN:6,(anonymous_0)
FN:33,(anonymous_1)
FN:37,(anonymous_2)
FN:50,(anonymous_3)
FN:62,(anonymous_4)
FN:64,(anonymous_5)
FN:67,(anonymous_6)
FN:72,(anonymous_7)
FNF:8
FNH:5
FNDA:3,(anonymous_0)
FNDA:1,(anonymous_1)
FNDA:1,(anonymous_2)
FNDA:0,(anonymous_3)
FNDA:1,(anonymous_4)
FNDA:1,(anonymous_5)
FNDA:0,(anonymous_6)
FNDA:0,(anonymous_7)
DA:1,4
DA:2,4
DA:3,4
DA:7,3
DA:8,3
DA:10,3
DA:11,2
DA:12,2
DA:13,1
DA:14,1
DA:15,1
DA:16,1
DA:19,3
DA:20,3
DA:21,1
DA:26,2
DA:27,2
DA:29,1
DA:34,1
DA:35,1
DA:36,1
DA:38,1
DA:39,0
DA:40,1
DA:41,1
DA:45,1
DA:47,0
DA:51,0
DA:55,0
DA:57,0
DA:63,1
DA:65,1
DA:68,0
DA:73,0
DA:77,4
LF:35
LH:28
BRDA:10,0,0,2
BRDA:10,0,1,1
BRDA:13,1,0,1
BRDA:13,1,1,0
BRDA:20,2,0,1
BRDA:20,2,1,2
BRDA:20,3,0,3
BRDA:20,3,1,3
BRDA:38,4,0,0
BRDA:38,4,1,1
BRDA:40,5,0,1
BRDA:40,5,1,0
BRDA:51,6,0,0
BRDA:51,6,1,0
BRDA:52,7,0,0
BRDA:52,7,1,0
BRF:16
BRH:9
end_of_record
TN:
SF:helpers/jwt.js
FN:3,generateToken
FN:7,verifyToken
FNF:2
FNH:2
FNDA:5,generateToken
FNDA:73,verifyToken
DA:1,4
DA:4,5
DA:8,73
DA:11,4
LF:4
LH:4
BRF:0
BRH:0
end_of_record
TN:
SF:helpers/password.js
FN:3,hashPassword
FN:9,comparePassword
FNF:2
FNH:2
FNDA:7,hashPassword
FNDA:1,comparePassword
DA:1,4
DA:4,7
DA:5,7
DA:6,7
DA:10,1
DA:13,4
LF:6
LH:6
BRF:0
BRH:0
end_of_record
TN:
SF:middlewares/authentication.js
FN:6,(anonymous_0)
FNF:1
FNH:1
FNDA:73,(anonymous_0)
DA:1,4
DA:2,4
DA:3,4
DA:4,4
DA:6,4
DA:7,73
DA:8,73
DA:9,73
DA:10,0
DA:11,0
DA:13,73
DA:14,73
DA:15,73
DA:16,73
DA:18,0
DA:22,0
LF:16
LH:12
BRDA:9,0,0,0
BRDA:9,0,1,73
BRDA:15,1,0,73
BRDA:15,1,1,0
BRF:4
BRH:2
end_of_record
TN:
SF:models/booking.js
FN:6,(anonymous_0)
FN:9,(anonymous_1)
FN:13,(anonymous_2)
FN:17,(anonymous_3)
FN:21,(anonymous_4)
FN:25,(anonymous_5)
FN:29,(anonymous_6)
FNF:7
FNH:7
FNDA:1,(anonymous_0)
FNDA:1,(anonymous_1)
FNDA:2,(anonymous_2)
FNDA:2,(anonymous_3)
FNDA:2,(anonymous_4)
FNDA:2,(anonymous_5)
FNDA:2,(anonymous_6)
DA:1,4
DA:2,4
DA:3,4
DA:7,1
DA:10,1
DA:14,2
DA:18,2
DA:22,2
DA:26,2
DA:30,2
DA:31,2
DA:32,2
DA:40,4
LF:13
LH:13
BRF:0
BRH:0
end_of_record
TN:
SF:models/court.js
FN:6,(anonymous_0)
FN:10,(anonymous_1)
FN:14,(anonymous_2)
FN:18,(anonymous_3)
FN:22,(anonymous_4)
FN:26,(anonymous_5)
FNF:6
FNH:5
FNDA:0,(anonymous_0)
FNDA:1,(anonymous_1)
FNDA:1,(anonymous_2)
FNDA:3,(anonymous_3)
FNDA:2,(anonymous_4)
FNDA:2,(anonymous_5)
DA:1,4
DA:2,4
DA:3,4
DA:7,0
DA:8,0
DA:11,1
DA:15,1
DA:19,3
DA:23,2
DA:27,2
DA:35,4
LF:11
LH:9
BRF:0
BRH:0
end_of_record
TN:
SF:models/index.js
FNF:0
FNH:0
DA:1,4
DA:2,4
DA:3,4
DA:4,4
DA:6,4
LF:5
LH:5
BRF:0
BRH:0
end_of_record
TN:
SF:models/request.js
FN:6,(anonymous_0)
FN:9,(anonymous_1)
FN:18,(anonymous_2)
FN:26,(anonymous_3)
FN:30,(anonymous_4)
FN:34,(anonymous_5)
FNF:6
FNH:6
FNDA:1,(anonymous_0)
FNDA:2,(anonymous_1)
FNDA:2,(anonymous_2)
FNDA:2,(anonymous_3)
FNDA:1,(anonymous_4)
FNDA:2,(anonymous_5)
DA:1,4
DA:2,4
DA:3,4
DA:7,1
DA:10,2
DA:19,2
DA:27,2
DA:31,1
DA:35,2
DA:43,4
LF:10
LH:10
BRF:0
BRH:0
end_of_record
TN:
SF:models/user.js
FN:6,(anonymous_0)
FN:11,(anonymous_1)
FN:17,(anonymous_2)
FNF:3
FNH:3
FNDA:2,(anonymous_0)
FNDA:1,(anonymous_1)
FNDA:1,(anonymous_2)
DA:1,4
DA:2,4
DA:3,4
DA:7,2
DA:8,2
DA:12,1
DA:18,1
DA:23,4
LF:8
LH:8
BRF:0
BRH:0
end_of_record
TN:
SF:routes/booking.js
FNF:0
FNH:0
DA:1,4
DA:2,4
DA:3,4
DA:5,4
DA:6,4
DA:7,4
DA:8,4
DA:9,4
DA:10,4
DA:11,4
DA:12,4
DA:13,4
DA:15,4
LF:13
LH:13
BRF:0
BRH:0
end_of_record
TN:
SF:routes/court.js
FN:7,(anonymous_0)
FNF:1
FNH:0
FNDA:0,(anonymous_0)
DA:1,4
DA:2,4
DA:3,4
DA:4,4
DA:5,4
DA:8,0
DA:11,4
DA:13,4
DA:14,4
DA:15,4
DA:16,4
DA:17,4
DA:18,4
DA:19,4
DA:21,4
LF:15
LH:14
BRF:0
BRH:0
end_of_record
TN:
SF:routes/index.js
FNF:0
FNH:0
DA:1,4
DA:3,4
DA:4,4
DA:5,4
DA:6,4
DA:8,4
DA:9,4
DA:10,4
DA:11,4
DA:13,4
LF:10
LH:10
BRF:0
BRH:0
end_of_record
TN:
SF:routes/request.js
FNF:0
FNH:0
DA:1,4
DA:2,4
DA:3,4
DA:5,4
DA:6,4
DA:7,4
DA:8,4
DA:9,4
DA:10,4
DA:11,4
DA:12,4
DA:14,4
LF:12
LH:12
BRF:0
BRH:0
end_of_record
TN:
SF:routes/user.js
FNF:0
FNH:0
DA:1,4
DA:2,4
DA:3,4
DA:5,4
DA:6,4
DA:7,4
DA:8,4
DA:11,4
LF:8
LH:8
BRF:0
BRH:0
end_of_record
