TN:
SF:app.js
FNF:0
FNH:0
DA:1,4
DA:2,4
DA:3,4
DA:4,4
DA:5,4
DA:7,4
DA:8,4
DA:10,4
DA:19,4
LF:9
LH:9
BRDA:1,0,0,4
BRDA:1,0,1,0
BRDA:4,1,0,4
BRDA:4,1,1,4
BRF:4
BRH:3
end_of_record
TN:
SF:config/mongo.js
FNF:0
FNH:0
DA:1,4
DA:2,4
DA:3,4
DA:4,4
DA:5,4
DA:7,4
DA:9,4
LF:7
LH:7
BRF:0
BRH:0
end_of_record
TN:
SF:config/multer.js
FNF:0
FNH:0
DA:1,4
DA:3,4
LF:2
LH:2
BRF:0
BRH:0
end_of_record
TN:
SF:controllers/bookingController.js
FN:4,(anonymous_0)
FN:27,(anonymous_1)
FN:51,(anonymous_2)
FN:63,(anonymous_3)
FN:72,(anonymous_4)
FN:82,(anonymous_5)
FN:93,(anonymous_6)
FN:103,(anonymous_7)
FNF:8
FNH:8
FNDA:2,(anonymous_0)
FNDA:2,(anonymous_1)
FNDA:1,(anonymous_2)
FNDA:1,(anonymous_3)
FNDA:2,(anonymous_4)
FNDA:2,(anonymous_5)
FNDA:2,(anonymous_6)
FNDA:2,(anonymous_7)
DA:1,4
DA:5,2
DA:6,2
DA:14,2
DA:15,2
DA:16,1
DA:21,1
DA:22,1
DA:24,1
DA:28,2
DA:29,2
DA:30,2
DA:37,2
DA:38,2
DA:39,1
DA:44,1
DA:45,1
DA:47,1
DA:52,1
DA:53,1
DA:54,1
DA:55,1
DA:57,1
DA:58,1
DA:59,1
DA:60,1
DA:64,1
DA:65,1
DA:66,1
DA:68,0
DA:73,2
DA:74,2
DA:75,2
DA:76,1
DA:78,1
DA:83,2
DA:84,2
DA:85,2
DA:86,1
DA:88,1
DA:94,2
DA:96,2
DA:97,2
DA:98,1
DA:100,1
DA:104,2
DA:106,2
DA:107,2
DA:108,1
DA:110,1
DA:115,4
LF:51
LH:50
BRDA:15,0,0,1
BRDA:15,0,1,1
BRDA:15,1,0,2
BRDA:15,1,1,2
BRDA:38,2,0,1
BRDA:38,2,1,1
BRDA:38,3,0,2
BRDA:38,3,1,2
BRF:8
BRH:8
end_of_record
TN:
SF:controllers/courtController.js
FN:5,(anonymous_0)
FN:42,(anonymous_1)
FN:51,(anonymous_2)
FN:62,(anonymous_3)
FN:84,(anonymous_4)
FNF:5
FNH:5
FNDA:2,(anonymous_0)
FNDA:1,(anonymous_1)
FNDA:2,(anonymous_2)
FNDA:2,(anonymous_3)
FNDA:2,(anonymous_4)
DA:1,4
DA:2,4
DA:6,2
DA:7,2
DA:8,2
DA:9,1
DA:14,1
DA:24,1
DA:25,1
DA:26,1
DA:30,1
DA:31,1
DA:33,0
DA:36,1
DA:37,1
DA:43,1
DA:44,1
DA:45,1
DA:47,0
DA:52,2
DA:54,2
DA:55,2
DA:56,1
DA:58,1
DA:63,2
DA:64,2
DA:65,2
DA:76,2
DA:77,2
DA:78,1
DA:80,1
DA:85,2
DA:87,2
DA:88,2
DA:89,1
DA:91,1
DA:96,4
LF:37
LH:35
BRDA:8,0,0,1
BRDA:8,0,1,1
BRDA:8,1,0,2
BRDA:8,1,1,1
BRDA:25,2,0,1
BRDA:25,2,1,0
BRDA:36,3,0,1
BRDA:36,3,1,0
BRF:8
BRH:6
end_of_record
TN:
SF:controllers/requestController.js
FN:5,(anonymous_0)
FN:28,(anonymous_1)
FN:39,(anonymous_2)
FN:49,(anonymous_3)
FN:60,(anonymous_4)
FN:77,(anonymous_5)
FN:92,(anonymous_6)
FNF:7
FNH:6
FNDA:2,(anonymous_0)
FNDA:2,(anonymous_1)
FNDA:2,(anonymous_2)
FNDA:2,(anonymous_3)
FNDA:0,(anonymous_4)
FNDA:2,(anonymous_5)
FNDA:1,(anonymous_6)
DA:1,4
DA:2,4
DA:6,2
DA:7,2
DA:13,2
DA:14,2
DA:15,1
DA:19,1
DA:20,1
DA:21,1
DA:22,1
DA:24,1
DA:29,2
DA:30,2
DA:31,2
DA:32,1
DA:33,1
DA:35,1
DA:40,2
DA:41,2
DA:42,2
DA:43,1
DA:45,1
DA:50,2
DA:52,2
DA:53,2
DA:54,1
DA:56,1
DA:61,0
DA:62,0
DA:63,0
DA:69,0
DA:70,0
DA:71,0
DA:73,0
DA:78,2
DA:79,2
DA:80,2
DA:84,2
DA:85,2
DA:86,1
DA:88,1
DA:93,1
DA:95,1
DA:96,1
DA:97,1
DA:99,0
DA:104,4
LF:48
LH:40
BRDA:14,0,0,1
BRDA:14,0,1,1
BRDA:14,1,0,2
BRDA:14,1,1,2
BRF:4
BRH:4
end_of_record
TN:
SF:controllers/userController.js
FN:6,(anonymous_0)
FN:19,(anonymous_1)
FN:22,(anonymous_2)
FN:27,(anonymous_3)
FN:31,(anonymous_4)
FN:41,(anonymous_5)
FN:50,(anonymous_6)
FN:52,(anonymous_7)
FN:55,(anonymous_8)
FN:61,(anonymous_9)
FNF:10
FNH:4
FNDA:1,(anonymous_0)
FNDA:1,(anonymous_1)
FNDA:0,(anonymous_2)
FNDA:1,(anonymous_3)
FNDA:1,(anonymous_4)
FNDA:0,(anonymous_5)
FNDA:0,(anonymous_6)
FNDA:0,(anonymous_7)
FNDA:0,(anonymous_8)
FNDA:0,(anonymous_9)
DA:1,4
DA:2,4
DA:3,4
DA:7,1
DA:9,1
DA:10,1
DA:11,1
DA:12,0
DA:13,0
DA:14,0
DA:15,0
DA:18,1
DA:20,1
DA:23,0
DA:28,1
DA:29,1
DA:30,1
DA:32,1
DA:33,0
DA:34,1
DA:35,1
DA:36,1
DA:38,0
DA:42,0
DA:43,0
DA:45,0
DA:51,0
DA:53,0
DA:56,0
DA:62,0
DA:66,4
LF:31
LH:17
BRDA:9,0,0,1
BRDA:9,0,1,0
BRDA:12,1,0,0
BRDA:12,1,1,0
BRDA:32,2,0,0
BRDA:32,2,1,1
BRDA:34,3,0,1
BRDA:34,3,1,0
BRDA:42,4,0,0
BRDA:42,4,1,0
BRDA:42,5,0,0
BRDA:42,5,1,0
BRF:12
BRH:3
end_of_record
TN:
SF:helpers/jwt.js
FN:3,generateToken
FN:7,verifyToken
FNF:2
FNH:2
FNDA:5,generateToken
FNDA:69,verifyToken
DA:1,4
DA:4,5
DA:8,69
DA:11,4
LF:4
LH:4
BRF:0
BRH:0
end_of_record
TN:
SF:helpers/password.js
FN:3,hashPassword
FN:9,comparePassword
FNF:2
FNH:2
FNDA:6,hashPassword
FNDA:1,comparePassword
DA:1,4
DA:4,6
DA:5,6
DA:6,6
DA:10,1
DA:13,4
LF:6
LH:6
BRF:0
BRH:0
end_of_record
TN:
SF:middlewares/authentication.js
FN:6,(anonymous_0)
FNF:1
FNH:1
FNDA:69,(anonymous_0)
DA:1,4
DA:2,4
DA:3,4
DA:4,4
DA:6,4
DA:7,69
DA:8,69
DA:9,69
DA:10,0
DA:11,0
DA:13,69
DA:14,68
DA:15,68
DA:16,68
DA:18,0
DA:22,1
LF:16
LH:13
BRDA:9,0,0,0
BRDA:9,0,1,69
BRDA:15,1,0,68
BRDA:15,1,1,0
BRF:4
BRH:2
end_of_record
TN:
SF:models/booking.js
FN:6,(anonymous_0)
FN:9,(anonymous_1)
FN:13,(anonymous_2)
FN:17,(anonymous_3)
FN:22,(anonymous_4)
FN:26,(anonymous_5)
FN:30,(anonymous_6)
FNF:7
FNH:7
FNDA:1,(anonymous_0)
FNDA:1,(anonymous_1)
FNDA:2,(anonymous_2)
FNDA:2,(anonymous_3)
FNDA:2,(anonymous_4)
FNDA:2,(anonymous_5)
FNDA:2,(anonymous_6)
DA:1,4
DA:2,4
DA:3,4
DA:7,1
DA:10,1
DA:14,2
DA:18,2
DA:19,2
DA:23,2
DA:27,2
DA:31,2
DA:32,2
DA:33,2
DA:41,4
LF:14
LH:14
BRF:0
BRH:0
end_of_record
TN:
SF:models/court.js
FN:6,(anonymous_0)
FN:9,(anonymous_1)
FN:13,(anonymous_2)
FN:17,(anonymous_3)
FN:21,(anonymous_4)
FNF:5
FNH:5
FNDA:1,(anonymous_0)
FNDA:1,(anonymous_1)
FNDA:2,(anonymous_2)
FNDA:2,(anonymous_3)
FNDA:2,(anonymous_4)
DA:1,4
DA:2,4
DA:3,4
DA:7,1
DA:10,1
DA:14,2
DA:18,2
DA:22,2
DA:30,4
LF:9
LH:9
BRF:0
BRH:0
end_of_record
TN:
SF:models/index.js
FNF:0
FNH:0
DA:1,4
DA:2,4
DA:3,4
DA:4,4
DA:6,4
LF:5
LH:5
BRF:0
BRH:0
end_of_record
TN:
SF:models/request.js
FN:6,(anonymous_0)
FN:9,(anonymous_1)
FN:18,(anonymous_2)
FN:26,(anonymous_3)
FN:30,(anonymous_4)
FN:34,(anonymous_5)
FNF:6
FNH:6
FNDA:1,(anonymous_0)
FNDA:2,(anonymous_1)
FNDA:2,(anonymous_2)
FNDA:2,(anonymous_3)
FNDA:1,(anonymous_4)
FNDA:2,(anonymous_5)
DA:1,4
DA:2,4
DA:3,4
DA:7,1
DA:10,2
DA:19,2
DA:27,2
DA:31,1
DA:35,2
DA:43,4
LF:10
LH:10
BRF:0
BRH:0
end_of_record
TN:
SF:models/user.js
FN:6,(anonymous_0)
FN:11,(anonymous_1)
FN:17,(anonymous_2)
FNF:3
FNH:2
FNDA:1,(anonymous_0)
FNDA:1,(anonymous_1)
FNDA:0,(anonymous_2)
DA:1,4
DA:2,4
DA:3,4
DA:7,1
DA:8,1
DA:12,1
DA:18,0
DA:23,4
LF:8
LH:7
BRF:0
BRH:0
end_of_record
TN:
SF:routes/booking.js
FNF:0
FNH:0
DA:1,4
DA:2,4
DA:3,4
DA:5,4
DA:6,4
DA:7,4
DA:8,4
DA:9,4
DA:10,4
DA:11,4
DA:12,4
DA:13,4
DA:15,4
LF:13
LH:13
BRF:0
BRH:0
end_of_record
TN:
SF:routes/court.js
FNF:0
FNH:0
DA:1,4
DA:2,4
DA:3,4
DA:4,4
DA:5,4
DA:7,4
DA:8,4
DA:9,4
DA:10,4
DA:11,4
DA:12,4
DA:14,4
LF:12
LH:12
BRF:0
BRH:0
end_of_record
TN:
SF:routes/index.js
FNF:0
FNH:0
DA:1,4
DA:3,4
DA:4,4
DA:5,4
DA:6,4
DA:8,4
DA:9,4
DA:10,4
DA:11,4
DA:13,4
LF:10
LH:10
BRF:0
BRH:0
end_of_record
TN:
SF:routes/request.js
FNF:0
FNH:0
DA:1,4
DA:2,4
DA:3,4
DA:5,4
DA:6,4
DA:7,4
DA:8,4
DA:9,4
DA:10,4
DA:11,4
DA:12,4
DA:14,4
LF:12
LH:12
BRF:0
BRH:0
end_of_record
TN:
SF:routes/user.js
FNF:0
FNH:0
DA:1,4
DA:2,4
DA:3,4
DA:5,4
DA:6,4
DA:7,4
DA:8,4
DA:11,4
LF:8
LH:8
BRF:0
BRH:0
end_of_record
